[36m  DEBUG[0m -[33m18/Feb/2012 03:32:45[0m{"id"=>"740a3cbbed7c9c8f328aa0587c5d01e1", "imagedata"=>{:filename=>"gyazo.com", :type=>nil, :name=>"imagedata", :tempfile=>#<File:/var/folders/tp/1jqw56t97mj05c8c3ccwnlxc0000gn/T/RackMultipart20120218-118-1xih801>, :head=>"content-disposition: form-data; name=\"imagedata\"; filename=\"gyazo.com\"\r\n"}}
[36m  DEBUG[0m -[33m18/Feb/2012 03:32:45[0m[35m    POST[0m ([35m[1m0.0170ms[0m[0m) /upload - [1m200[0m OK
[36m  DEBUG[0m -[33m18/Feb/2012 03:32:55[0m[35m     GET[0m ([35m[1m0.0043ms[0m[0m) /upload - [1m405[0m Method Not Allowed
NoMethodError - undefined method `path' for nil:NilClass:
	/Users/yoshiakinatsume/Development/nyazo/app/controllers.rb:26:in `block (2 levels) in <top (required)>'
	/Users/yoshiakinatsume/.rvm/gems/ruby-1.9.3-p0/gems/padrino-core-0.10.5/lib/padrino-core/application/routing.rb:569:in `call'
	/Users/yoshiakinatsume/.rvm/gems/ruby-1.9.3-p0/gems/padrino-core-0.10.5/lib/padrino-core/application/routing.rb:569:in `block in route'
	/Users/yoshiakinatsume/.rvm/gems/ruby-1.9.3-p0/gems/padrino-core-0.10.5/lib/padrino-core/application/routing.rb:51:in `[]'
	/Users/yoshiakinatsume/.rvm/gems/ruby-1.9.3-p0/gems/padrino-core-0.10.5/lib/padrino-core/application/routing.rb:51:in `block (3 levels) in process_destination_path'
	/Users/yoshiakinatsume/.rvm/gems/ruby-1.9.3-p0/gems/sinatra-1.3.2/lib/sinatra/base.rb:801:in `route_eval'
	/Users/yoshiakinatsume/.rvm/gems/ruby-1.9.3-p0/gems/padrino-core-0.10.5/lib/padrino-core/application/routing.rb:51:in `block (2 levels) in process_destination_path'
	/Users/yoshiakinatsume/.rvm/gems/ruby-1.9.3-p0/gems/padrino-core-0.10.5/lib/padrino-core/application/routing.rb:51:in `catch'
	/Users/yoshiakinatsume/.rvm/gems/ruby-1.9.3-p0/gems/padrino-core-0.10.5/lib/padrino-core/application/routing.rb:51:in `block in process_destination_path'
	/Users/yoshiakinatsume/.rvm/gems/ruby-1.9.3-p0/gems/padrino-core-0.10.5/lib/padrino-core/application/routing.rb:25:in `instance_eval'
	/Users/yoshiakinatsume/.rvm/gems/ruby-1.9.3-p0/gems/padrino-core-0.10.5/lib/padrino-core/application/routing.rb:25:in `process_destination_path'
	(eval):16:in `block (2 levels) in inject_root_methods'
	(eval):6:in `catch'
	(eval):6:in `block in inject_root_methods'
	/Users/yoshiakinatsume/.rvm/gems/ruby-1.9.3-p0/gems/http_router-0.10.2/lib/http_router/node/root.rb:92:in `[]'
	/Users/yoshiakinatsume/.rvm/gems/ruby-1.9.3-p0/gems/http_router-0.10.2/lib/http_router/node/root.rb:13:in `[]'
	/Users/yoshiakinatsume/.rvm/gems/ruby-1.9.3-p0/gems/http_router-0.10.2/lib/http_router.rb:119:in `block in call'
	/Users/yoshiakinatsume/.rvm/gems/ruby-1.9.3-p0/gems/http_router-0.10.2/lib/http_router.rb:119:in `catch'
	/Users/yoshiakinatsume/.rvm/gems/ruby-1.9.3-p0/gems/http_router-0.10.2/lib/http_router.rb:119:in `call'
	/Users/yoshiakinatsume/.rvm/gems/ruby-1.9.3-p0/gems/padrino-core-0.10.5/lib/padrino-core/application/routing.rb:910:in `route!'
	/Users/yoshiakinatsume/.rvm/gems/ruby-1.9.3-p0/gems/padrino-core-0.10.5/lib/padrino-core/application/routing.rb:900:in `dispatch!'
	/Users/yoshiakinatsume/.rvm/gems/ruby-1.9.3-p0/gems/sinatra-1.3.2/lib/sinatra/base.rb:719:in `block in call!'
	/Users/yoshiakinatsume/.rvm/gems/ruby-1.9.3-p0/gems/sinatra-1.3.2/lib/sinatra/base.rb:871:in `block in invoke'
	/Users/yoshiakinatsume/.rvm/gems/ruby-1.9.3-p0/gems/sinatra-1.3.2/lib/sinatra/base.rb:871:in `catch'
	/Users/yoshiakinatsume/.rvm/gems/ruby-1.9.3-p0/gems/sinatra-1.3.2/lib/sinatra/base.rb:871:in `invoke'
	/Users/yoshiakinatsume/.rvm/gems/ruby-1.9.3-p0/gems/sinatra-1.3.2/lib/sinatra/base.rb:719:in `call!'
	/Users/yoshiakinatsume/.rvm/gems/ruby-1.9.3-p0/gems/sinatra-1.3.2/lib/sinatra/base.rb:705:in `call'
	/Users/yoshiakinatsume/.rvm/gems/ruby-1.9.3-p0/gems/rack-1.4.1/lib/rack/head.rb:9:in `call'
	/Users/yoshiakinatsume/.rvm/gems/ruby-1.9.3-p0/gems/rack-1.4.1/lib/rack/methodoverride.rb:21:in `call'
	/Users/yoshiakinatsume/.rvm/gems/ruby-1.9.3-p0/gems/padrino-core-0.10.5/lib/padrino-core/reloader.rb:250:in `call'
	/Users/yoshiakinatsume/.rvm/gems/ruby-1.9.3-p0/gems/padrino-core-0.10.5/lib/padrino-core/logger.rb:306:in `call'
	/Users/yoshiakinatsume/.rvm/gems/ruby-1.9.3-p0/gems/sinatra-1.3.2/lib/sinatra/showexceptions.rb:21:in `call'
	/Users/yoshiakinatsume/.rvm/gems/ruby-1.9.3-p0/gems/sinatra-1.3.2/lib/sinatra/base.rb:1334:in `block in call'
	/Users/yoshiakinatsume/.rvm/gems/ruby-1.9.3-p0/gems/sinatra-1.3.2/lib/sinatra/base.rb:1416:in `synchronize'
	/Users/yoshiakinatsume/.rvm/gems/ruby-1.9.3-p0/gems/sinatra-1.3.2/lib/sinatra/base.rb:1334:in `call'
	/Users/yoshiakinatsume/.rvm/gems/ruby-1.9.3-p0/gems/padrino-core-0.10.5/lib/padrino-core/router.rb:83:in `block in call'
	/Users/yoshiakinatsume/.rvm/gems/ruby-1.9.3-p0/gems/padrino-core-0.10.5/lib/padrino-core/router.rb:76:in `each'
	/Users/yoshiakinatsume/.rvm/gems/ruby-1.9.3-p0/gems/padrino-core-0.10.5/lib/padrino-core/router.rb:76:in `call'
	/Users/yoshiakinatsume/.rvm/gems/ruby-1.9.3-p0/gems/rack-1.4.1/lib/rack/handler/webrick.rb:59:in `service'
	/Users/yoshiakinatsume/.rvm/rubies/ruby-1.9.3-p0/lib/ruby/1.9.1/webrick/httpserver.rb:138:in `service'
	/Users/yoshiakinatsume/.rvm/rubies/ruby-1.9.3-p0/lib/ruby/1.9.1/webrick/httpserver.rb:94:in `run'
	/Users/yoshiakinatsume/.rvm/rubies/ruby-1.9.3-p0/lib/ruby/1.9.1/webrick/server.rb:191:in `block in start_thread'
NoMethodError - undefined method `path' for nil:NilClass:
	/Users/yoshiakinatsume/Development/nyazo/app/controllers.rb:26:in `block (2 levels) in <top (required)>'
	/Users/yoshiakinatsume/.rvm/gems/ruby-1.9.3-p0/gems/padrino-core-0.10.5/lib/padrino-core/application/routing.rb:569:in `call'
	/Users/yoshiakinatsume/.rvm/gems/ruby-1.9.3-p0/gems/padrino-core-0.10.5/lib/padrino-core/application/routing.rb:569:in `block in route'
	/Users/yoshiakinatsume/.rvm/gems/ruby-1.9.3-p0/gems/padrino-core-0.10.5/lib/padrino-core/application/routing.rb:51:in `[]'
	/Users/yoshiakinatsume/.rvm/gems/ruby-1.9.3-p0/gems/padrino-core-0.10.5/lib/padrino-core/application/routing.rb:51:in `block (3 levels) in process_destination_path'
	/Users/yoshiakinatsume/.rvm/gems/ruby-1.9.3-p0/gems/sinatra-1.3.2/lib/sinatra/base.rb:801:in `route_eval'
	/Users/yoshiakinatsume/.rvm/gems/ruby-1.9.3-p0/gems/padrino-core-0.10.5/lib/padrino-core/application/routing.rb:51:in `block (2 levels) in process_destination_path'
	/Users/yoshiakinatsume/.rvm/gems/ruby-1.9.3-p0/gems/padrino-core-0.10.5/lib/padrino-core/application/routing.rb:51:in `catch'
	/Users/yoshiakinatsume/.rvm/gems/ruby-1.9.3-p0/gems/padrino-core-0.10.5/lib/padrino-core/application/routing.rb:51:in `block in process_destination_path'
	/Users/yoshiakinatsume/.rvm/gems/ruby-1.9.3-p0/gems/padrino-core-0.10.5/lib/padrino-core/application/routing.rb:25:in `instance_eval'
	/Users/yoshiakinatsume/.rvm/gems/ruby-1.9.3-p0/gems/padrino-core-0.10.5/lib/padrino-core/application/routing.rb:25:in `process_destination_path'
	(eval):16:in `block (2 levels) in inject_root_methods'
	(eval):6:in `catch'
	(eval):6:in `block in inject_root_methods'
	/Users/yoshiakinatsume/.rvm/gems/ruby-1.9.3-p0/gems/http_router-0.10.2/lib/http_router/node/root.rb:92:in `[]'
	/Users/yoshiakinatsume/.rvm/gems/ruby-1.9.3-p0/gems/http_router-0.10.2/lib/http_router.rb:119:in `block in call'
	/Users/yoshiakinatsume/.rvm/gems/ruby-1.9.3-p0/gems/http_router-0.10.2/lib/http_router.rb:119:in `catch'
	/Users/yoshiakinatsume/.rvm/gems/ruby-1.9.3-p0/gems/http_router-0.10.2/lib/http_router.rb:119:in `call'
	/Users/yoshiakinatsume/.rvm/gems/ruby-1.9.3-p0/gems/padrino-core-0.10.5/lib/padrino-core/application/routing.rb:910:in `route!'
	/Users/yoshiakinatsume/.rvm/gems/ruby-1.9.3-p0/gems/padrino-core-0.10.5/lib/padrino-core/application/routing.rb:900:in `dispatch!'
	/Users/yoshiakinatsume/.rvm/gems/ruby-1.9.3-p0/gems/sinatra-1.3.2/lib/sinatra/base.rb:719:in `block in call!'
	/Users/yoshiakinatsume/.rvm/gems/ruby-1.9.3-p0/gems/sinatra-1.3.2/lib/sinatra/base.rb:871:in `block in invoke'
	/Users/yoshiakinatsume/.rvm/gems/ruby-1.9.3-p0/gems/sinatra-1.3.2/lib/sinatra/base.rb:871:in `catch'
	/Users/yoshiakinatsume/.rvm/gems/ruby-1.9.3-p0/gems/sinatra-1.3.2/lib/sinatra/base.rb:871:in `invoke'
	/Users/yoshiakinatsume/.rvm/gems/ruby-1.9.3-p0/gems/sinatra-1.3.2/lib/sinatra/base.rb:719:in `call!'
	/Users/yoshiakinatsume/.rvm/gems/ruby-1.9.3-p0/gems/sinatra-1.3.2/lib/sinatra/base.rb:705:in `call'
	/Users/yoshiakinatsume/.rvm/gems/ruby-1.9.3-p0/gems/rack-1.4.1/lib/rack/head.rb:9:in `call'
	/Users/yoshiakinatsume/.rvm/gems/ruby-1.9.3-p0/gems/rack-1.4.1/lib/rack/methodoverride.rb:21:in `call'
	/Users/yoshiakinatsume/.rvm/gems/ruby-1.9.3-p0/gems/padrino-core-0.10.5/lib/padrino-core/reloader.rb:250:in `call'
	/Users/yoshiakinatsume/.rvm/gems/ruby-1.9.3-p0/gems/padrino-core-0.10.5/lib/padrino-core/logger.rb:306:in `call'
	/Users/yoshiakinatsume/.rvm/gems/ruby-1.9.3-p0/gems/sinatra-1.3.2/lib/sinatra/showexceptions.rb:21:in `call'
	/Users/yoshiakinatsume/.rvm/gems/ruby-1.9.3-p0/gems/sinatra-1.3.2/lib/sinatra/base.rb:1334:in `block in call'
	/Users/yoshiakinatsume/.rvm/gems/ruby-1.9.3-p0/gems/sinatra-1.3.2/lib/sinatra/base.rb:1416:in `synchronize'
	/Users/yoshiakinatsume/.rvm/gems/ruby-1.9.3-p0/gems/sinatra-1.3.2/lib/sinatra/base.rb:1334:in `call'
	/Users/yoshiakinatsume/.rvm/gems/ruby-1.9.3-p0/gems/padrino-core-0.10.5/lib/padrino-core/router.rb:83:in `block in call'
	/Users/yoshiakinatsume/.rvm/gems/ruby-1.9.3-p0/gems/padrino-core-0.10.5/lib/padrino-core/router.rb:76:in `each'
	/Users/yoshiakinatsume/.rvm/gems/ruby-1.9.3-p0/gems/padrino-core-0.10.5/lib/padrino-core/router.rb:76:in `call'
	/Users/yoshiakinatsume/.rvm/gems/ruby-1.9.3-p0/gems/rack-1.4.1/lib/rack/handler/webrick.rb:59:in `service'
	/Users/yoshiakinatsume/.rvm/rubies/ruby-1.9.3-p0/lib/ruby/1.9.1/webrick/httpserver.rb:138:in `service'
	/Users/yoshiakinatsume/.rvm/rubies/ruby-1.9.3-p0/lib/ruby/1.9.1/webrick/httpserver.rb:94:in `run'
	/Users/yoshiakinatsume/.rvm/rubies/ruby-1.9.3-p0/lib/ruby/1.9.1/webrick/server.rb:191:in `block in start_thread'
[36m  DEBUG[0m -[33m18/Feb/2012 13:06:20[0m/var/folders/tp/1jqw56t97mj05c8c3ccwnlxc0000gn/T/RackMultipart20120218-245-z2ztnx
[36m  DEBUG[0m -[33m18/Feb/2012 13:06:20[0m[35m    POST[0m ([35m[1m0.0186ms[0m[0m) /upload - [1m200[0m OK
[36m  DEBUG[0m -[33m18/Feb/2012 13:07:29[0m/var/folders/tp/1jqw56t97mj05c8c3ccwnlxc0000gn/T/RackMultipart20120218-270-13fr4i4
NoMethodError - undefined method `extname' for #<Tempfile:0x007fbc53d5b300>:
	/Users/yoshiakinatsume/Development/nyazo/app/controllers.rb:27:in `block (2 levels) in <top (required)>'
	/Users/yoshiakinatsume/.rvm/gems/ruby-1.9.3-p0/gems/padrino-core-0.10.5/lib/padrino-core/application/routing.rb:569:in `call'
	/Users/yoshiakinatsume/.rvm/gems/ruby-1.9.3-p0/gems/padrino-core-0.10.5/lib/padrino-core/application/routing.rb:569:in `block in route'
	/Users/yoshiakinatsume/.rvm/gems/ruby-1.9.3-p0/gems/padrino-core-0.10.5/lib/padrino-core/application/routing.rb:51:in `[]'
	/Users/yoshiakinatsume/.rvm/gems/ruby-1.9.3-p0/gems/padrino-core-0.10.5/lib/padrino-core/application/routing.rb:51:in `block (3 levels) in process_destination_path'
	/Users/yoshiakinatsume/.rvm/gems/ruby-1.9.3-p0/gems/sinatra-1.3.2/lib/sinatra/base.rb:801:in `route_eval'
	/Users/yoshiakinatsume/.rvm/gems/ruby-1.9.3-p0/gems/padrino-core-0.10.5/lib/padrino-core/application/routing.rb:51:in `block (2 levels) in process_destination_path'
	/Users/yoshiakinatsume/.rvm/gems/ruby-1.9.3-p0/gems/padrino-core-0.10.5/lib/padrino-core/application/routing.rb:51:in `catch'
	/Users/yoshiakinatsume/.rvm/gems/ruby-1.9.3-p0/gems/padrino-core-0.10.5/lib/padrino-core/application/routing.rb:51:in `block in process_destination_path'
	/Users/yoshiakinatsume/.rvm/gems/ruby-1.9.3-p0/gems/padrino-core-0.10.5/lib/padrino-core/application/routing.rb:25:in `instance_eval'
	/Users/yoshiakinatsume/.rvm/gems/ruby-1.9.3-p0/gems/padrino-core-0.10.5/lib/padrino-core/application/routing.rb:25:in `process_destination_path'
	(eval):16:in `block (2 levels) in inject_root_methods'
	(eval):6:in `catch'
	(eval):6:in `block in inject_root_methods'
	/Users/yoshiakinatsume/.rvm/gems/ruby-1.9.3-p0/gems/http_router-0.10.2/lib/http_router/node/root.rb:92:in `[]'
	/Users/yoshiakinatsume/.rvm/gems/ruby-1.9.3-p0/gems/http_router-0.10.2/lib/http_router/node/root.rb:13:in `[]'
	/Users/yoshiakinatsume/.rvm/gems/ruby-1.9.3-p0/gems/http_router-0.10.2/lib/http_router.rb:119:in `block in call'
	/Users/yoshiakinatsume/.rvm/gems/ruby-1.9.3-p0/gems/http_router-0.10.2/lib/http_router.rb:119:in `catch'
	/Users/yoshiakinatsume/.rvm/gems/ruby-1.9.3-p0/gems/http_router-0.10.2/lib/http_router.rb:119:in `call'
	/Users/yoshiakinatsume/.rvm/gems/ruby-1.9.3-p0/gems/padrino-core-0.10.5/lib/padrino-core/application/routing.rb:910:in `route!'
	/Users/yoshiakinatsume/.rvm/gems/ruby-1.9.3-p0/gems/padrino-core-0.10.5/lib/padrino-core/application/routing.rb:900:in `dispatch!'
	/Users/yoshiakinatsume/.rvm/gems/ruby-1.9.3-p0/gems/sinatra-1.3.2/lib/sinatra/base.rb:719:in `block in call!'
	/Users/yoshiakinatsume/.rvm/gems/ruby-1.9.3-p0/gems/sinatra-1.3.2/lib/sinatra/base.rb:871:in `block in invoke'
	/Users/yoshiakinatsume/.rvm/gems/ruby-1.9.3-p0/gems/sinatra-1.3.2/lib/sinatra/base.rb:871:in `catch'
	/Users/yoshiakinatsume/.rvm/gems/ruby-1.9.3-p0/gems/sinatra-1.3.2/lib/sinatra/base.rb:871:in `invoke'
	/Users/yoshiakinatsume/.rvm/gems/ruby-1.9.3-p0/gems/sinatra-1.3.2/lib/sinatra/base.rb:719:in `call!'
	/Users/yoshiakinatsume/.rvm/gems/ruby-1.9.3-p0/gems/sinatra-1.3.2/lib/sinatra/base.rb:705:in `call'
	/Users/yoshiakinatsume/.rvm/gems/ruby-1.9.3-p0/gems/rack-1.4.1/lib/rack/head.rb:9:in `call'
	/Users/yoshiakinatsume/.rvm/gems/ruby-1.9.3-p0/gems/rack-1.4.1/lib/rack/methodoverride.rb:21:in `call'
	/Users/yoshiakinatsume/.rvm/gems/ruby-1.9.3-p0/gems/padrino-core-0.10.5/lib/padrino-core/reloader.rb:250:in `call'
	/Users/yoshiakinatsume/.rvm/gems/ruby-1.9.3-p0/gems/padrino-core-0.10.5/lib/padrino-core/logger.rb:306:in `call'
	/Users/yoshiakinatsume/.rvm/gems/ruby-1.9.3-p0/gems/sinatra-1.3.2/lib/sinatra/showexceptions.rb:21:in `call'
	/Users/yoshiakinatsume/.rvm/gems/ruby-1.9.3-p0/gems/sinatra-1.3.2/lib/sinatra/base.rb:1334:in `block in call'
	/Users/yoshiakinatsume/.rvm/gems/ruby-1.9.3-p0/gems/sinatra-1.3.2/lib/sinatra/base.rb:1416:in `synchronize'
	/Users/yoshiakinatsume/.rvm/gems/ruby-1.9.3-p0/gems/sinatra-1.3.2/lib/sinatra/base.rb:1334:in `call'
	/Users/yoshiakinatsume/.rvm/gems/ruby-1.9.3-p0/gems/padrino-core-0.10.5/lib/padrino-core/router.rb:83:in `block in call'
	/Users/yoshiakinatsume/.rvm/gems/ruby-1.9.3-p0/gems/padrino-core-0.10.5/lib/padrino-core/router.rb:76:in `each'
	/Users/yoshiakinatsume/.rvm/gems/ruby-1.9.3-p0/gems/padrino-core-0.10.5/lib/padrino-core/router.rb:76:in `call'
	/Users/yoshiakinatsume/.rvm/gems/ruby-1.9.3-p0/gems/rack-1.4.1/lib/rack/handler/webrick.rb:59:in `service'
	/Users/yoshiakinatsume/.rvm/rubies/ruby-1.9.3-p0/lib/ruby/1.9.1/webrick/httpserver.rb:138:in `service'
	/Users/yoshiakinatsume/.rvm/rubies/ruby-1.9.3-p0/lib/ruby/1.9.1/webrick/httpserver.rb:94:in `run'
	/Users/yoshiakinatsume/.rvm/rubies/ruby-1.9.3-p0/lib/ruby/1.9.1/webrick/server.rb:191:in `block in start_thread'
[36m  DEBUG[0m -[33m18/Feb/2012 13:07:55[0m/var/folders/tp/1jqw56t97mj05c8c3ccwnlxc0000gn/T/RackMultipart20120218-270-1frm4zj
NoMethodError - undefined method `extname' for #<Tempfile:0x007fbc53cbde20>:
	/Users/yoshiakinatsume/Development/nyazo/app/controllers.rb:27:in `block (2 levels) in <top (required)>'
	/Users/yoshiakinatsume/.rvm/gems/ruby-1.9.3-p0/gems/padrino-core-0.10.5/lib/padrino-core/application/routing.rb:569:in `call'
	/Users/yoshiakinatsume/.rvm/gems/ruby-1.9.3-p0/gems/padrino-core-0.10.5/lib/padrino-core/application/routing.rb:569:in `block in route'
	/Users/yoshiakinatsume/.rvm/gems/ruby-1.9.3-p0/gems/padrino-core-0.10.5/lib/padrino-core/application/routing.rb:51:in `[]'
	/Users/yoshiakinatsume/.rvm/gems/ruby-1.9.3-p0/gems/padrino-core-0.10.5/lib/padrino-core/application/routing.rb:51:in `block (3 levels) in process_destination_path'
	/Users/yoshiakinatsume/.rvm/gems/ruby-1.9.3-p0/gems/sinatra-1.3.2/lib/sinatra/base.rb:801:in `route_eval'
	/Users/yoshiakinatsume/.rvm/gems/ruby-1.9.3-p0/gems/padrino-core-0.10.5/lib/padrino-core/application/routing.rb:51:in `block (2 levels) in process_destination_path'
	/Users/yoshiakinatsume/.rvm/gems/ruby-1.9.3-p0/gems/padrino-core-0.10.5/lib/padrino-core/application/routing.rb:51:in `catch'
	/Users/yoshiakinatsume/.rvm/gems/ruby-1.9.3-p0/gems/padrino-core-0.10.5/lib/padrino-core/application/routing.rb:51:in `block in process_destination_path'
	/Users/yoshiakinatsume/.rvm/gems/ruby-1.9.3-p0/gems/padrino-core-0.10.5/lib/padrino-core/application/routing.rb:25:in `instance_eval'
	/Users/yoshiakinatsume/.rvm/gems/ruby-1.9.3-p0/gems/padrino-core-0.10.5/lib/padrino-core/application/routing.rb:25:in `process_destination_path'
	(eval):16:in `block (2 levels) in inject_root_methods'
	(eval):6:in `catch'
	(eval):6:in `block in inject_root_methods'
	/Users/yoshiakinatsume/.rvm/gems/ruby-1.9.3-p0/gems/http_router-0.10.2/lib/http_router/node/root.rb:92:in `[]'
	/Users/yoshiakinatsume/.rvm/gems/ruby-1.9.3-p0/gems/http_router-0.10.2/lib/http_router.rb:119:in `block in call'
	/Users/yoshiakinatsume/.rvm/gems/ruby-1.9.3-p0/gems/http_router-0.10.2/lib/http_router.rb:119:in `catch'
	/Users/yoshiakinatsume/.rvm/gems/ruby-1.9.3-p0/gems/http_router-0.10.2/lib/http_router.rb:119:in `call'
	/Users/yoshiakinatsume/.rvm/gems/ruby-1.9.3-p0/gems/padrino-core-0.10.5/lib/padrino-core/application/routing.rb:910:in `route!'
	/Users/yoshiakinatsume/.rvm/gems/ruby-1.9.3-p0/gems/padrino-core-0.10.5/lib/padrino-core/application/routing.rb:900:in `dispatch!'
	/Users/yoshiakinatsume/.rvm/gems/ruby-1.9.3-p0/gems/sinatra-1.3.2/lib/sinatra/base.rb:719:in `block in call!'
	/Users/yoshiakinatsume/.rvm/gems/ruby-1.9.3-p0/gems/sinatra-1.3.2/lib/sinatra/base.rb:871:in `block in invoke'
	/Users/yoshiakinatsume/.rvm/gems/ruby-1.9.3-p0/gems/sinatra-1.3.2/lib/sinatra/base.rb:871:in `catch'
	/Users/yoshiakinatsume/.rvm/gems/ruby-1.9.3-p0/gems/sinatra-1.3.2/lib/sinatra/base.rb:871:in `invoke'
	/Users/yoshiakinatsume/.rvm/gems/ruby-1.9.3-p0/gems/sinatra-1.3.2/lib/sinatra/base.rb:719:in `call!'
	/Users/yoshiakinatsume/.rvm/gems/ruby-1.9.3-p0/gems/sinatra-1.3.2/lib/sinatra/base.rb:705:in `call'
	/Users/yoshiakinatsume/.rvm/gems/ruby-1.9.3-p0/gems/rack-1.4.1/lib/rack/head.rb:9:in `call'
	/Users/yoshiakinatsume/.rvm/gems/ruby-1.9.3-p0/gems/rack-1.4.1/lib/rack/methodoverride.rb:21:in `call'
	/Users/yoshiakinatsume/.rvm/gems/ruby-1.9.3-p0/gems/padrino-core-0.10.5/lib/padrino-core/reloader.rb:250:in `call'
	/Users/yoshiakinatsume/.rvm/gems/ruby-1.9.3-p0/gems/padrino-core-0.10.5/lib/padrino-core/logger.rb:306:in `call'
	/Users/yoshiakinatsume/.rvm/gems/ruby-1.9.3-p0/gems/sinatra-1.3.2/lib/sinatra/showexceptions.rb:21:in `call'
	/Users/yoshiakinatsume/.rvm/gems/ruby-1.9.3-p0/gems/sinatra-1.3.2/lib/sinatra/base.rb:1334:in `block in call'
	/Users/yoshiakinatsume/.rvm/gems/ruby-1.9.3-p0/gems/sinatra-1.3.2/lib/sinatra/base.rb:1416:in `synchronize'
	/Users/yoshiakinatsume/.rvm/gems/ruby-1.9.3-p0/gems/sinatra-1.3.2/lib/sinatra/base.rb:1334:in `call'
	/Users/yoshiakinatsume/.rvm/gems/ruby-1.9.3-p0/gems/padrino-core-0.10.5/lib/padrino-core/router.rb:83:in `block in call'
	/Users/yoshiakinatsume/.rvm/gems/ruby-1.9.3-p0/gems/padrino-core-0.10.5/lib/padrino-core/router.rb:76:in `each'
	/Users/yoshiakinatsume/.rvm/gems/ruby-1.9.3-p0/gems/padrino-core-0.10.5/lib/padrino-core/router.rb:76:in `call'
	/Users/yoshiakinatsume/.rvm/gems/ruby-1.9.3-p0/gems/rack-1.4.1/lib/rack/handler/webrick.rb:59:in `service'
	/Users/yoshiakinatsume/.rvm/rubies/ruby-1.9.3-p0/lib/ruby/1.9.1/webrick/httpserver.rb:138:in `service'
	/Users/yoshiakinatsume/.rvm/rubies/ruby-1.9.3-p0/lib/ruby/1.9.1/webrick/httpserver.rb:94:in `run'
	/Users/yoshiakinatsume/.rvm/rubies/ruby-1.9.3-p0/lib/ruby/1.9.1/webrick/server.rb:191:in `block in start_thread'
[36m  DEBUG[0m -[33m18/Feb/2012 21:10:02[0m[35m    POST[0m ([35m[1m0.0186ms[0m[0m) /upload - [1m200[0m OK
NoMethodError - undefined method `[]' for nil:NilClass:
	/Users/yoshiakinatsume/Development/nyazo/app/controllers.rb:26:in `block (2 levels) in <top (required)>'
	/Users/yoshiakinatsume/.rvm/gems/ruby-1.9.3-p0/gems/padrino-core-0.10.5/lib/padrino-core/application/routing.rb:569:in `call'
	/Users/yoshiakinatsume/.rvm/gems/ruby-1.9.3-p0/gems/padrino-core-0.10.5/lib/padrino-core/application/routing.rb:569:in `block in route'
	/Users/yoshiakinatsume/.rvm/gems/ruby-1.9.3-p0/gems/padrino-core-0.10.5/lib/padrino-core/application/routing.rb:51:in `[]'
	/Users/yoshiakinatsume/.rvm/gems/ruby-1.9.3-p0/gems/padrino-core-0.10.5/lib/padrino-core/application/routing.rb:51:in `block (3 levels) in process_destination_path'
	/Users/yoshiakinatsume/.rvm/gems/ruby-1.9.3-p0/gems/sinatra-1.3.2/lib/sinatra/base.rb:801:in `route_eval'
	/Users/yoshiakinatsume/.rvm/gems/ruby-1.9.3-p0/gems/padrino-core-0.10.5/lib/padrino-core/application/routing.rb:51:in `block (2 levels) in process_destination_path'
	/Users/yoshiakinatsume/.rvm/gems/ruby-1.9.3-p0/gems/padrino-core-0.10.5/lib/padrino-core/application/routing.rb:51:in `catch'
	/Users/yoshiakinatsume/.rvm/gems/ruby-1.9.3-p0/gems/padrino-core-0.10.5/lib/padrino-core/application/routing.rb:51:in `block in process_destination_path'
	/Users/yoshiakinatsume/.rvm/gems/ruby-1.9.3-p0/gems/padrino-core-0.10.5/lib/padrino-core/application/routing.rb:25:in `instance_eval'
	/Users/yoshiakinatsume/.rvm/gems/ruby-1.9.3-p0/gems/padrino-core-0.10.5/lib/padrino-core/application/routing.rb:25:in `process_destination_path'
	(eval):16:in `block (2 levels) in inject_root_methods'
	(eval):6:in `catch'
	(eval):6:in `block in inject_root_methods'
	/Users/yoshiakinatsume/.rvm/gems/ruby-1.9.3-p0/gems/http_router-0.10.2/lib/http_router/node/root.rb:92:in `[]'
	/Users/yoshiakinatsume/.rvm/gems/ruby-1.9.3-p0/gems/http_router-0.10.2/lib/http_router/node/root.rb:13:in `[]'
	/Users/yoshiakinatsume/.rvm/gems/ruby-1.9.3-p0/gems/http_router-0.10.2/lib/http_router.rb:119:in `block in call'
	/Users/yoshiakinatsume/.rvm/gems/ruby-1.9.3-p0/gems/http_router-0.10.2/lib/http_router.rb:119:in `catch'
	/Users/yoshiakinatsume/.rvm/gems/ruby-1.9.3-p0/gems/http_router-0.10.2/lib/http_router.rb:119:in `call'
	/Users/yoshiakinatsume/.rvm/gems/ruby-1.9.3-p0/gems/padrino-core-0.10.5/lib/padrino-core/application/routing.rb:910:in `route!'
	/Users/yoshiakinatsume/.rvm/gems/ruby-1.9.3-p0/gems/padrino-core-0.10.5/lib/padrino-core/application/routing.rb:900:in `dispatch!'
	/Users/yoshiakinatsume/.rvm/gems/ruby-1.9.3-p0/gems/sinatra-1.3.2/lib/sinatra/base.rb:719:in `block in call!'
	/Users/yoshiakinatsume/.rvm/gems/ruby-1.9.3-p0/gems/sinatra-1.3.2/lib/sinatra/base.rb:871:in `block in invoke'
	/Users/yoshiakinatsume/.rvm/gems/ruby-1.9.3-p0/gems/sinatra-1.3.2/lib/sinatra/base.rb:871:in `catch'
	/Users/yoshiakinatsume/.rvm/gems/ruby-1.9.3-p0/gems/sinatra-1.3.2/lib/sinatra/base.rb:871:in `invoke'
	/Users/yoshiakinatsume/.rvm/gems/ruby-1.9.3-p0/gems/sinatra-1.3.2/lib/sinatra/base.rb:719:in `call!'
	/Users/yoshiakinatsume/.rvm/gems/ruby-1.9.3-p0/gems/sinatra-1.3.2/lib/sinatra/base.rb:705:in `call'
	/Users/yoshiakinatsume/.rvm/gems/ruby-1.9.3-p0/gems/rack-1.4.1/lib/rack/head.rb:9:in `call'
	/Users/yoshiakinatsume/.rvm/gems/ruby-1.9.3-p0/gems/rack-1.4.1/lib/rack/methodoverride.rb:21:in `call'
	/Users/yoshiakinatsume/.rvm/gems/ruby-1.9.3-p0/gems/padrino-core-0.10.5/lib/padrino-core/reloader.rb:250:in `call'
	/Users/yoshiakinatsume/.rvm/gems/ruby-1.9.3-p0/gems/padrino-core-0.10.5/lib/padrino-core/logger.rb:306:in `call'
	/Users/yoshiakinatsume/.rvm/gems/ruby-1.9.3-p0/gems/sinatra-1.3.2/lib/sinatra/showexceptions.rb:21:in `call'
	/Users/yoshiakinatsume/.rvm/gems/ruby-1.9.3-p0/gems/sinatra-1.3.2/lib/sinatra/base.rb:1334:in `block in call'
	/Users/yoshiakinatsume/.rvm/gems/ruby-1.9.3-p0/gems/sinatra-1.3.2/lib/sinatra/base.rb:1416:in `synchronize'
	/Users/yoshiakinatsume/.rvm/gems/ruby-1.9.3-p0/gems/sinatra-1.3.2/lib/sinatra/base.rb:1334:in `call'
	/Users/yoshiakinatsume/.rvm/gems/ruby-1.9.3-p0/gems/padrino-core-0.10.5/lib/padrino-core/router.rb:83:in `block in call'
	/Users/yoshiakinatsume/.rvm/gems/ruby-1.9.3-p0/gems/padrino-core-0.10.5/lib/padrino-core/router.rb:76:in `each'
	/Users/yoshiakinatsume/.rvm/gems/ruby-1.9.3-p0/gems/padrino-core-0.10.5/lib/padrino-core/router.rb:76:in `call'
	/Users/yoshiakinatsume/.rvm/gems/ruby-1.9.3-p0/gems/rack-1.4.1/lib/rack/handler/webrick.rb:59:in `service'
	/Users/yoshiakinatsume/.rvm/rubies/ruby-1.9.3-p0/lib/ruby/1.9.1/webrick/httpserver.rb:138:in `service'
	/Users/yoshiakinatsume/.rvm/rubies/ruby-1.9.3-p0/lib/ruby/1.9.1/webrick/httpserver.rb:94:in `run'
	/Users/yoshiakinatsume/.rvm/rubies/ruby-1.9.3-p0/lib/ruby/1.9.1/webrick/server.rb:191:in `block in start_thread'
[36m  DEBUG[0m -[33m18/Feb/2012 21:41:41[0m
[36m  DEBUG[0m -[33m18/Feb/2012 21:41:41[0m[35m    POST[0m ([35m[1m0.0181ms[0m[0m) /upload - [1m200[0m OK
[36m  DEBUG[0m -[33m18/Feb/2012 21:43:14[0m{"id"=>"740a3cbbed7c9c8f328aa0587c5d01e1", "imagedata"=>{:filename=>"g.natsu.me", :type=>nil, :name=>"imagedata", :tempfile=>#<File:/var/folders/tp/1jqw56t97mj05c8c3ccwnlxc0000gn/T/RackMultipart20120218-1949-szgulc>, :head=>"content-disposition: form-data; name=\"imagedata\"; filename=\"g.natsu.me\"\r\n"}}
[36m  DEBUG[0m -[33m18/Feb/2012 21:43:14[0mTempfile
[36m  DEBUG[0m -[33m18/Feb/2012 21:43:14[0m
[36m  DEBUG[0m -[33m18/Feb/2012 21:43:14[0m[35m    POST[0m ([35m[1m0.0197ms[0m[0m) /upload - [1m200[0m OK
NameError - uninitialized constant Image::FileMagic:
	/Users/yoshiakinatsume/.rvm/gems/ruby-1.9.3-p0/gems/rake-0.9.2.2/lib/rake/ext/module.rb:36:in `const_missing'
	/Users/yoshiakinatsume/Development/nyazo/app/models/image.rb:10:in `initialize'
	/Users/yoshiakinatsume/Development/nyazo/app/controllers.rb:27:in `new'
	/Users/yoshiakinatsume/Development/nyazo/app/controllers.rb:27:in `block (2 levels) in <top (required)>'
	/Users/yoshiakinatsume/.rvm/gems/ruby-1.9.3-p0/gems/padrino-core-0.10.5/lib/padrino-core/application/routing.rb:569:in `call'
	/Users/yoshiakinatsume/.rvm/gems/ruby-1.9.3-p0/gems/padrino-core-0.10.5/lib/padrino-core/application/routing.rb:569:in `block in route'
	/Users/yoshiakinatsume/.rvm/gems/ruby-1.9.3-p0/gems/padrino-core-0.10.5/lib/padrino-core/application/routing.rb:51:in `[]'
	/Users/yoshiakinatsume/.rvm/gems/ruby-1.9.3-p0/gems/padrino-core-0.10.5/lib/padrino-core/application/routing.rb:51:in `block (3 levels) in process_destination_path'
	/Users/yoshiakinatsume/.rvm/gems/ruby-1.9.3-p0/gems/sinatra-1.3.2/lib/sinatra/base.rb:801:in `route_eval'
	/Users/yoshiakinatsume/.rvm/gems/ruby-1.9.3-p0/gems/padrino-core-0.10.5/lib/padrino-core/application/routing.rb:51:in `block (2 levels) in process_destination_path'
	/Users/yoshiakinatsume/.rvm/gems/ruby-1.9.3-p0/gems/padrino-core-0.10.5/lib/padrino-core/application/routing.rb:51:in `catch'
	/Users/yoshiakinatsume/.rvm/gems/ruby-1.9.3-p0/gems/padrino-core-0.10.5/lib/padrino-core/application/routing.rb:51:in `block in process_destination_path'
	/Users/yoshiakinatsume/.rvm/gems/ruby-1.9.3-p0/gems/padrino-core-0.10.5/lib/padrino-core/application/routing.rb:25:in `instance_eval'
	/Users/yoshiakinatsume/.rvm/gems/ruby-1.9.3-p0/gems/padrino-core-0.10.5/lib/padrino-core/application/routing.rb:25:in `process_destination_path'
	(eval):16:in `block (2 levels) in inject_root_methods'
	(eval):6:in `catch'
	(eval):6:in `block in inject_root_methods'
	/Users/yoshiakinatsume/.rvm/gems/ruby-1.9.3-p0/gems/http_router-0.10.2/lib/http_router/node/root.rb:92:in `[]'
	/Users/yoshiakinatsume/.rvm/gems/ruby-1.9.3-p0/gems/http_router-0.10.2/lib/http_router/node/root.rb:13:in `[]'
	/Users/yoshiakinatsume/.rvm/gems/ruby-1.9.3-p0/gems/http_router-0.10.2/lib/http_router.rb:119:in `block in call'
	/Users/yoshiakinatsume/.rvm/gems/ruby-1.9.3-p0/gems/http_router-0.10.2/lib/http_router.rb:119:in `catch'
	/Users/yoshiakinatsume/.rvm/gems/ruby-1.9.3-p0/gems/http_router-0.10.2/lib/http_router.rb:119:in `call'
	/Users/yoshiakinatsume/.rvm/gems/ruby-1.9.3-p0/gems/padrino-core-0.10.5/lib/padrino-core/application/routing.rb:910:in `route!'
	/Users/yoshiakinatsume/.rvm/gems/ruby-1.9.3-p0/gems/padrino-core-0.10.5/lib/padrino-core/application/routing.rb:900:in `dispatch!'
	/Users/yoshiakinatsume/.rvm/gems/ruby-1.9.3-p0/gems/sinatra-1.3.2/lib/sinatra/base.rb:719:in `block in call!'
	/Users/yoshiakinatsume/.rvm/gems/ruby-1.9.3-p0/gems/sinatra-1.3.2/lib/sinatra/base.rb:871:in `block in invoke'
	/Users/yoshiakinatsume/.rvm/gems/ruby-1.9.3-p0/gems/sinatra-1.3.2/lib/sinatra/base.rb:871:in `catch'
	/Users/yoshiakinatsume/.rvm/gems/ruby-1.9.3-p0/gems/sinatra-1.3.2/lib/sinatra/base.rb:871:in `invoke'
	/Users/yoshiakinatsume/.rvm/gems/ruby-1.9.3-p0/gems/sinatra-1.3.2/lib/sinatra/base.rb:719:in `call!'
	/Users/yoshiakinatsume/.rvm/gems/ruby-1.9.3-p0/gems/sinatra-1.3.2/lib/sinatra/base.rb:705:in `call'
	/Users/yoshiakinatsume/.rvm/gems/ruby-1.9.3-p0/gems/rack-1.4.1/lib/rack/head.rb:9:in `call'
	/Users/yoshiakinatsume/.rvm/gems/ruby-1.9.3-p0/gems/rack-1.4.1/lib/rack/methodoverride.rb:21:in `call'
	/Users/yoshiakinatsume/.rvm/gems/ruby-1.9.3-p0/gems/padrino-core-0.10.5/lib/padrino-core/reloader.rb:250:in `call'
	/Users/yoshiakinatsume/.rvm/gems/ruby-1.9.3-p0/gems/padrino-core-0.10.5/lib/padrino-core/logger.rb:306:in `call'
	/Users/yoshiakinatsume/.rvm/gems/ruby-1.9.3-p0/gems/sinatra-1.3.2/lib/sinatra/showexceptions.rb:21:in `call'
	/Users/yoshiakinatsume/.rvm/gems/ruby-1.9.3-p0/gems/sinatra-1.3.2/lib/sinatra/base.rb:1334:in `block in call'
	/Users/yoshiakinatsume/.rvm/gems/ruby-1.9.3-p0/gems/sinatra-1.3.2/lib/sinatra/base.rb:1416:in `synchronize'
	/Users/yoshiakinatsume/.rvm/gems/ruby-1.9.3-p0/gems/sinatra-1.3.2/lib/sinatra/base.rb:1334:in `call'
	/Users/yoshiakinatsume/.rvm/gems/ruby-1.9.3-p0/gems/padrino-core-0.10.5/lib/padrino-core/router.rb:83:in `block in call'
	/Users/yoshiakinatsume/.rvm/gems/ruby-1.9.3-p0/gems/padrino-core-0.10.5/lib/padrino-core/router.rb:76:in `each'
	/Users/yoshiakinatsume/.rvm/gems/ruby-1.9.3-p0/gems/padrino-core-0.10.5/lib/padrino-core/router.rb:76:in `call'
	/Users/yoshiakinatsume/.rvm/gems/ruby-1.9.3-p0/gems/rack-1.4.1/lib/rack/handler/webrick.rb:59:in `service'
	/Users/yoshiakinatsume/.rvm/rubies/ruby-1.9.3-p0/lib/ruby/1.9.1/webrick/httpserver.rb:138:in `service'
	/Users/yoshiakinatsume/.rvm/rubies/ruby-1.9.3-p0/lib/ruby/1.9.1/webrick/httpserver.rb:94:in `run'
	/Users/yoshiakinatsume/.rvm/rubies/ruby-1.9.3-p0/lib/ruby/1.9.1/webrick/server.rb:191:in `block in start_thread'
NameError - uninitialized constant Image::FileMagic:
	/Users/yoshiakinatsume/.rvm/gems/ruby-1.9.3-p0/gems/rake-0.9.2.2/lib/rake/ext/module.rb:36:in `const_missing'
	/Users/yoshiakinatsume/Development/nyazo/app/models/image.rb:10:in `initialize'
	/Users/yoshiakinatsume/Development/nyazo/app/controllers.rb:27:in `new'
	/Users/yoshiakinatsume/Development/nyazo/app/controllers.rb:27:in `block (2 levels) in <top (required)>'
	/Users/yoshiakinatsume/.rvm/gems/ruby-1.9.3-p0/gems/padrino-core-0.10.5/lib/padrino-core/application/routing.rb:569:in `call'
	/Users/yoshiakinatsume/.rvm/gems/ruby-1.9.3-p0/gems/padrino-core-0.10.5/lib/padrino-core/application/routing.rb:569:in `block in route'
	/Users/yoshiakinatsume/.rvm/gems/ruby-1.9.3-p0/gems/padrino-core-0.10.5/lib/padrino-core/application/routing.rb:51:in `[]'
	/Users/yoshiakinatsume/.rvm/gems/ruby-1.9.3-p0/gems/padrino-core-0.10.5/lib/padrino-core/application/routing.rb:51:in `block (3 levels) in process_destination_path'
	/Users/yoshiakinatsume/.rvm/gems/ruby-1.9.3-p0/gems/sinatra-1.3.2/lib/sinatra/base.rb:801:in `route_eval'
	/Users/yoshiakinatsume/.rvm/gems/ruby-1.9.3-p0/gems/padrino-core-0.10.5/lib/padrino-core/application/routing.rb:51:in `block (2 levels) in process_destination_path'
	/Users/yoshiakinatsume/.rvm/gems/ruby-1.9.3-p0/gems/padrino-core-0.10.5/lib/padrino-core/application/routing.rb:51:in `catch'
	/Users/yoshiakinatsume/.rvm/gems/ruby-1.9.3-p0/gems/padrino-core-0.10.5/lib/padrino-core/application/routing.rb:51:in `block in process_destination_path'
	/Users/yoshiakinatsume/.rvm/gems/ruby-1.9.3-p0/gems/padrino-core-0.10.5/lib/padrino-core/application/routing.rb:25:in `instance_eval'
	/Users/yoshiakinatsume/.rvm/gems/ruby-1.9.3-p0/gems/padrino-core-0.10.5/lib/padrino-core/application/routing.rb:25:in `process_destination_path'
	(eval):16:in `block (2 levels) in inject_root_methods'
	(eval):6:in `catch'
	(eval):6:in `block in inject_root_methods'
	/Users/yoshiakinatsume/.rvm/gems/ruby-1.9.3-p0/gems/http_router-0.10.2/lib/http_router/node/root.rb:92:in `[]'
	/Users/yoshiakinatsume/.rvm/gems/ruby-1.9.3-p0/gems/http_router-0.10.2/lib/http_router/node/root.rb:13:in `[]'
	/Users/yoshiakinatsume/.rvm/gems/ruby-1.9.3-p0/gems/http_router-0.10.2/lib/http_router.rb:119:in `block in call'
	/Users/yoshiakinatsume/.rvm/gems/ruby-1.9.3-p0/gems/http_router-0.10.2/lib/http_router.rb:119:in `catch'
	/Users/yoshiakinatsume/.rvm/gems/ruby-1.9.3-p0/gems/http_router-0.10.2/lib/http_router.rb:119:in `call'
	/Users/yoshiakinatsume/.rvm/gems/ruby-1.9.3-p0/gems/padrino-core-0.10.5/lib/padrino-core/application/routing.rb:910:in `route!'
	/Users/yoshiakinatsume/.rvm/gems/ruby-1.9.3-p0/gems/padrino-core-0.10.5/lib/padrino-core/application/routing.rb:900:in `dispatch!'
	/Users/yoshiakinatsume/.rvm/gems/ruby-1.9.3-p0/gems/sinatra-1.3.2/lib/sinatra/base.rb:719:in `block in call!'
	/Users/yoshiakinatsume/.rvm/gems/ruby-1.9.3-p0/gems/sinatra-1.3.2/lib/sinatra/base.rb:871:in `block in invoke'
	/Users/yoshiakinatsume/.rvm/gems/ruby-1.9.3-p0/gems/sinatra-1.3.2/lib/sinatra/base.rb:871:in `catch'
	/Users/yoshiakinatsume/.rvm/gems/ruby-1.9.3-p0/gems/sinatra-1.3.2/lib/sinatra/base.rb:871:in `invoke'
	/Users/yoshiakinatsume/.rvm/gems/ruby-1.9.3-p0/gems/sinatra-1.3.2/lib/sinatra/base.rb:719:in `call!'
	/Users/yoshiakinatsume/.rvm/gems/ruby-1.9.3-p0/gems/sinatra-1.3.2/lib/sinatra/base.rb:705:in `call'
	/Users/yoshiakinatsume/.rvm/gems/ruby-1.9.3-p0/gems/rack-1.4.1/lib/rack/head.rb:9:in `call'
	/Users/yoshiakinatsume/.rvm/gems/ruby-1.9.3-p0/gems/rack-1.4.1/lib/rack/methodoverride.rb:21:in `call'
	/Users/yoshiakinatsume/.rvm/gems/ruby-1.9.3-p0/gems/padrino-core-0.10.5/lib/padrino-core/reloader.rb:250:in `call'
	/Users/yoshiakinatsume/.rvm/gems/ruby-1.9.3-p0/gems/padrino-core-0.10.5/lib/padrino-core/logger.rb:306:in `call'
	/Users/yoshiakinatsume/.rvm/gems/ruby-1.9.3-p0/gems/sinatra-1.3.2/lib/sinatra/showexceptions.rb:21:in `call'
	/Users/yoshiakinatsume/.rvm/gems/ruby-1.9.3-p0/gems/sinatra-1.3.2/lib/sinatra/base.rb:1334:in `block in call'
	/Users/yoshiakinatsume/.rvm/gems/ruby-1.9.3-p0/gems/sinatra-1.3.2/lib/sinatra/base.rb:1416:in `synchronize'
	/Users/yoshiakinatsume/.rvm/gems/ruby-1.9.3-p0/gems/sinatra-1.3.2/lib/sinatra/base.rb:1334:in `call'
	/Users/yoshiakinatsume/.rvm/gems/ruby-1.9.3-p0/gems/padrino-core-0.10.5/lib/padrino-core/router.rb:83:in `block in call'
	/Users/yoshiakinatsume/.rvm/gems/ruby-1.9.3-p0/gems/padrino-core-0.10.5/lib/padrino-core/router.rb:76:in `each'
	/Users/yoshiakinatsume/.rvm/gems/ruby-1.9.3-p0/gems/padrino-core-0.10.5/lib/padrino-core/router.rb:76:in `call'
	/Users/yoshiakinatsume/.rvm/gems/ruby-1.9.3-p0/gems/rack-1.4.1/lib/rack/handler/webrick.rb:59:in `service'
	/Users/yoshiakinatsume/.rvm/rubies/ruby-1.9.3-p0/lib/ruby/1.9.1/webrick/httpserver.rb:138:in `service'
	/Users/yoshiakinatsume/.rvm/rubies/ruby-1.9.3-p0/lib/ruby/1.9.1/webrick/httpserver.rb:94:in `run'
	/Users/yoshiakinatsume/.rvm/rubies/ruby-1.9.3-p0/lib/ruby/1.9.1/webrick/server.rb:191:in `block in start_thread'
[36m  DEBUG[0m -[33m19/Feb/2012 01:57:38[0m[35m    POST[0m ([35m[1m0.0197ms[0m[0m) /upload - [1m403[0m Forbidden
[36m  DEBUG[0m -[33m19/Feb/2012 01:58:11[0mtest! PNG image data, 34 x 60, 8-bit/color RGB, non-interlaced
[36m  DEBUG[0m -[33m19/Feb/2012 01:58:11[0m[35m    POST[0m ([35m[1m0.0233ms[0m[0m) /upload - [1m403[0m Forbidden
[36m  DEBUG[0m -[33m19/Feb/2012 01:59:03[0mtest! PNG image data, 58 x 68, 8-bit/color RGB, non-interlaced
[36m  DEBUG[0m -[33m19/Feb/2012 01:59:03[0m[35m    POST[0m ([35m[1m0.0187ms[0m[0m) /upload - [1m200[0m OK
[36m  DEBUG[0m -[33m19/Feb/2012 01:59:54[0mtest! PNG image data, 66 x 52, 8-bit/color RGB, non-interlaced
[36m  DEBUG[0m -[33m19/Feb/2012 01:59:54[0mlocalhost/18b14b4c06f77221ed329997332a1081.png
[36m  DEBUG[0m -[33m19/Feb/2012 01:59:54[0m[35m    POST[0m ([35m[1m0.0181ms[0m[0m) /upload - [1m200[0m OK
[36m  DEBUG[0m -[33m19/Feb/2012 02:00:34[0mtest! PNG image data, 97 x 91, 8-bit/color RGB, non-interlaced
[36m  DEBUG[0m -[33m19/Feb/2012 02:00:34[0m[35m    POST[0m ([35m[1m0.0220ms[0m[0m) /upload - [1m200[0m OK
[36m  DEBUG[0m -[33m19/Feb/2012 02:01:37[0mtest! PNG image data, 46 x 65, 8-bit/color RGB, non-interlaced
[36m  DEBUG[0m -[33m19/Feb/2012 02:01:37[0m[35m    POST[0m ([35m[1m0.0170ms[0m[0m) /upload - [1m200[0m OK
[36m  DEBUG[0m -[33m19/Feb/2012 02:03:09[0mtest! PNG image data, 53 x 42, 8-bit/color RGB, non-interlaced
[36m  DEBUG[0m -[33m19/Feb/2012 02:03:09[0mfiledata
[36m  DEBUG[0m -[33m19/Feb/2012 02:03:09[0m[35m    POST[0m ([35m[1m0.0160ms[0m[0m) /upload - [1m200[0m OK
[36m  DEBUG[0m -[33m19/Feb/2012 02:03:51[0mtest! PNG image data, 61 x 51, 8-bit/color RGB, non-interlaced
Encoding::UndefinedConversionError - "\x89" from ASCII-8BIT to UTF-8:
	/Users/yoshiakinatsume/.rvm/gems/ruby-1.9.3-p0/gems/padrino-core-0.10.5/lib/padrino-core/logger.rb:204:in `write'
	/Users/yoshiakinatsume/.rvm/gems/ruby-1.9.3-p0/gems/padrino-core-0.10.5/lib/padrino-core/logger.rb:204:in `block in flush'
	<internal:prelude>:10:in `synchronize'
	/Users/yoshiakinatsume/.rvm/gems/ruby-1.9.3-p0/gems/padrino-core-0.10.5/lib/padrino-core/logger.rb:203:in `flush'
	/Users/yoshiakinatsume/.rvm/gems/ruby-1.9.3-p0/gems/padrino-core-0.10.5/lib/padrino-core/logger.rb:267:in `<<'
	/Users/yoshiakinatsume/.rvm/gems/ruby-1.9.3-p0/gems/padrino-core-0.10.5/lib/padrino-core/logger.rb:231:in `push'
	/Users/yoshiakinatsume/.rvm/gems/ruby-1.9.3-p0/gems/padrino-core-0.10.5/lib/padrino-core/logger.rb:281:in `block (2 levels) in <class:Logger>'
	/Users/yoshiakinatsume/Development/nyazo/app/models/image.rb:39:in `hash'
	/Users/yoshiakinatsume/Development/nyazo/app/models/image.rb:32:in `save'
	/Users/yoshiakinatsume/Development/nyazo/app/controllers.rb:29:in `block (2 levels) in <top (required)>'
	/Users/yoshiakinatsume/.rvm/gems/ruby-1.9.3-p0/gems/padrino-core-0.10.5/lib/padrino-core/application/routing.rb:569:in `call'
	/Users/yoshiakinatsume/.rvm/gems/ruby-1.9.3-p0/gems/padrino-core-0.10.5/lib/padrino-core/application/routing.rb:569:in `block in route'
	/Users/yoshiakinatsume/.rvm/gems/ruby-1.9.3-p0/gems/padrino-core-0.10.5/lib/padrino-core/application/routing.rb:51:in `[]'
	/Users/yoshiakinatsume/.rvm/gems/ruby-1.9.3-p0/gems/padrino-core-0.10.5/lib/padrino-core/application/routing.rb:51:in `block (3 levels) in process_destination_path'
	/Users/yoshiakinatsume/.rvm/gems/ruby-1.9.3-p0/gems/sinatra-1.3.2/lib/sinatra/base.rb:801:in `route_eval'
	/Users/yoshiakinatsume/.rvm/gems/ruby-1.9.3-p0/gems/padrino-core-0.10.5/lib/padrino-core/application/routing.rb:51:in `block (2 levels) in process_destination_path'
	/Users/yoshiakinatsume/.rvm/gems/ruby-1.9.3-p0/gems/padrino-core-0.10.5/lib/padrino-core/application/routing.rb:51:in `catch'
	/Users/yoshiakinatsume/.rvm/gems/ruby-1.9.3-p0/gems/padrino-core-0.10.5/lib/padrino-core/application/routing.rb:51:in `block in process_destination_path'
	/Users/yoshiakinatsume/.rvm/gems/ruby-1.9.3-p0/gems/padrino-core-0.10.5/lib/padrino-core/application/routing.rb:25:in `instance_eval'
	/Users/yoshiakinatsume/.rvm/gems/ruby-1.9.3-p0/gems/padrino-core-0.10.5/lib/padrino-core/application/routing.rb:25:in `process_destination_path'
	(eval):16:in `block (2 levels) in inject_root_methods'
	(eval):6:in `catch'
	(eval):6:in `block in inject_root_methods'
	/Users/yoshiakinatsume/.rvm/gems/ruby-1.9.3-p0/gems/http_router-0.10.2/lib/http_router/node/root.rb:92:in `[]'
	/Users/yoshiakinatsume/.rvm/gems/ruby-1.9.3-p0/gems/http_router-0.10.2/lib/http_router/node/root.rb:13:in `[]'
	/Users/yoshiakinatsume/.rvm/gems/ruby-1.9.3-p0/gems/http_router-0.10.2/lib/http_router.rb:119:in `block in call'
	/Users/yoshiakinatsume/.rvm/gems/ruby-1.9.3-p0/gems/http_router-0.10.2/lib/http_router.rb:119:in `catch'
	/Users/yoshiakinatsume/.rvm/gems/ruby-1.9.3-p0/gems/http_router-0.10.2/lib/http_router.rb:119:in `call'
	/Users/yoshiakinatsume/.rvm/gems/ruby-1.9.3-p0/gems/padrino-core-0.10.5/lib/padrino-core/application/routing.rb:910:in `route!'
	/Users/yoshiakinatsume/.rvm/gems/ruby-1.9.3-p0/gems/padrino-core-0.10.5/lib/padrino-core/application/routing.rb:900:in `dispatch!'
	/Users/yoshiakinatsume/.rvm/gems/ruby-1.9.3-p0/gems/sinatra-1.3.2/lib/sinatra/base.rb:719:in `block in call!'
	/Users/yoshiakinatsume/.rvm/gems/ruby-1.9.3-p0/gems/sinatra-1.3.2/lib/sinatra/base.rb:871:in `block in invoke'
	/Users/yoshiakinatsume/.rvm/gems/ruby-1.9.3-p0/gems/sinatra-1.3.2/lib/sinatra/base.rb:871:in `catch'
	/Users/yoshiakinatsume/.rvm/gems/ruby-1.9.3-p0/gems/sinatra-1.3.2/lib/sinatra/base.rb:871:in `invoke'
	/Users/yoshiakinatsume/.rvm/gems/ruby-1.9.3-p0/gems/sinatra-1.3.2/lib/sinatra/base.rb:719:in `call!'
	/Users/yoshiakinatsume/.rvm/gems/ruby-1.9.3-p0/gems/sinatra-1.3.2/lib/sinatra/base.rb:705:in `call'
	/Users/yoshiakinatsume/.rvm/gems/ruby-1.9.3-p0/gems/rack-1.4.1/lib/rack/head.rb:9:in `call'
	/Users/yoshiakinatsume/.rvm/gems/ruby-1.9.3-p0/gems/rack-1.4.1/lib/rack/methodoverride.rb:21:in `call'
	/Users/yoshiakinatsume/.rvm/gems/ruby-1.9.3-p0/gems/padrino-core-0.10.5/lib/padrino-core/reloader.rb:250:in `call'
	/Users/yoshiakinatsume/.rvm/gems/ruby-1.9.3-p0/gems/padrino-core-0.10.5/lib/padrino-core/logger.rb:306:in `call'
	/Users/yoshiakinatsume/.rvm/gems/ruby-1.9.3-p0/gems/sinatra-1.3.2/lib/sinatra/showexceptions.rb:21:in `call'
	/Users/yoshiakinatsume/.rvm/gems/ruby-1.9.3-p0/gems/sinatra-1.3.2/lib/sinatra/base.rb:1334:in `block in call'
	/Users/yoshiakinatsume/.rvm/gems/ruby-1.9.3-p0/gems/sinatra-1.3.2/lib/sinatra/base.rb:1416:in `synchronize'
	/Users/yoshiakinatsume/.rvm/gems/ruby-1.9.3-p0/gems/sinatra-1.3.2/lib/sinatra/base.rb:1334:in `call'
	/Users/yoshiakinatsume/.rvm/gems/ruby-1.9.3-p0/gems/padrino-core-0.10.5/lib/padrino-core/router.rb:83:in `block in call'
	/Users/yoshiakinatsume/.rvm/gems/ruby-1.9.3-p0/gems/padrino-core-0.10.5/lib/padrino-core/router.rb:76:in `each'
	/Users/yoshiakinatsume/.rvm/gems/ruby-1.9.3-p0/gems/padrino-core-0.10.5/lib/padrino-core/router.rb:76:in `call'
	/Users/yoshiakinatsume/.rvm/gems/ruby-1.9.3-p0/gems/rack-1.4.1/lib/rack/handler/webrick.rb:59:in `service'
	/Users/yoshiakinatsume/.rvm/rubies/ruby-1.9.3-p0/lib/ruby/1.9.1/webrick/httpserver.rb:138:in `service'
	/Users/yoshiakinatsume/.rvm/rubies/ruby-1.9.3-p0/lib/ruby/1.9.1/webrick/httpserver.rb:94:in `run'
	/Users/yoshiakinatsume/.rvm/rubies/ruby-1.9.3-p0/lib/ruby/1.9.1/webrick/server.rb:191:in `block in start_thread'
[36m  DEBUG[0m -[33m19/Feb/2012 02:03:57[0mtest! PNG image data, 70 x 63, 8-bit/color RGB, non-interlaced
Encoding::UndefinedConversionError - "\x89" from ASCII-8BIT to UTF-8:
	/Users/yoshiakinatsume/.rvm/gems/ruby-1.9.3-p0/gems/padrino-core-0.10.5/lib/padrino-core/logger.rb:204:in `write'
	/Users/yoshiakinatsume/.rvm/gems/ruby-1.9.3-p0/gems/padrino-core-0.10.5/lib/padrino-core/logger.rb:204:in `block in flush'
	<internal:prelude>:10:in `synchronize'
	/Users/yoshiakinatsume/.rvm/gems/ruby-1.9.3-p0/gems/padrino-core-0.10.5/lib/padrino-core/logger.rb:203:in `flush'
	/Users/yoshiakinatsume/.rvm/gems/ruby-1.9.3-p0/gems/padrino-core-0.10.5/lib/padrino-core/logger.rb:267:in `<<'
	/Users/yoshiakinatsume/.rvm/gems/ruby-1.9.3-p0/gems/padrino-core-0.10.5/lib/padrino-core/logger.rb:231:in `push'
	/Users/yoshiakinatsume/.rvm/gems/ruby-1.9.3-p0/gems/padrino-core-0.10.5/lib/padrino-core/logger.rb:281:in `block (2 levels) in <class:Logger>'
	/Users/yoshiakinatsume/Development/nyazo/app/models/image.rb:39:in `hash'
	/Users/yoshiakinatsume/Development/nyazo/app/models/image.rb:32:in `save'
	/Users/yoshiakinatsume/Development/nyazo/app/controllers.rb:29:in `block (2 levels) in <top (required)>'
	/Users/yoshiakinatsume/.rvm/gems/ruby-1.9.3-p0/gems/padrino-core-0.10.5/lib/padrino-core/application/routing.rb:569:in `call'
	/Users/yoshiakinatsume/.rvm/gems/ruby-1.9.3-p0/gems/padrino-core-0.10.5/lib/padrino-core/application/routing.rb:569:in `block in route'
	/Users/yoshiakinatsume/.rvm/gems/ruby-1.9.3-p0/gems/padrino-core-0.10.5/lib/padrino-core/application/routing.rb:51:in `[]'
	/Users/yoshiakinatsume/.rvm/gems/ruby-1.9.3-p0/gems/padrino-core-0.10.5/lib/padrino-core/application/routing.rb:51:in `block (3 levels) in process_destination_path'
	/Users/yoshiakinatsume/.rvm/gems/ruby-1.9.3-p0/gems/sinatra-1.3.2/lib/sinatra/base.rb:801:in `route_eval'
	/Users/yoshiakinatsume/.rvm/gems/ruby-1.9.3-p0/gems/padrino-core-0.10.5/lib/padrino-core/application/routing.rb:51:in `block (2 levels) in process_destination_path'
	/Users/yoshiakinatsume/.rvm/gems/ruby-1.9.3-p0/gems/padrino-core-0.10.5/lib/padrino-core/application/routing.rb:51:in `catch'
	/Users/yoshiakinatsume/.rvm/gems/ruby-1.9.3-p0/gems/padrino-core-0.10.5/lib/padrino-core/application/routing.rb:51:in `block in process_destination_path'
	/Users/yoshiakinatsume/.rvm/gems/ruby-1.9.3-p0/gems/padrino-core-0.10.5/lib/padrino-core/application/routing.rb:25:in `instance_eval'
	/Users/yoshiakinatsume/.rvm/gems/ruby-1.9.3-p0/gems/padrino-core-0.10.5/lib/padrino-core/application/routing.rb:25:in `process_destination_path'
	(eval):16:in `block (2 levels) in inject_root_methods'
	(eval):6:in `catch'
	(eval):6:in `block in inject_root_methods'
	/Users/yoshiakinatsume/.rvm/gems/ruby-1.9.3-p0/gems/http_router-0.10.2/lib/http_router/node/root.rb:92:in `[]'
	/Users/yoshiakinatsume/.rvm/gems/ruby-1.9.3-p0/gems/http_router-0.10.2/lib/http_router.rb:119:in `block in call'
	/Users/yoshiakinatsume/.rvm/gems/ruby-1.9.3-p0/gems/http_router-0.10.2/lib/http_router.rb:119:in `catch'
	/Users/yoshiakinatsume/.rvm/gems/ruby-1.9.3-p0/gems/http_router-0.10.2/lib/http_router.rb:119:in `call'
	/Users/yoshiakinatsume/.rvm/gems/ruby-1.9.3-p0/gems/padrino-core-0.10.5/lib/padrino-core/application/routing.rb:910:in `route!'
	/Users/yoshiakinatsume/.rvm/gems/ruby-1.9.3-p0/gems/padrino-core-0.10.5/lib/padrino-core/application/routing.rb:900:in `dispatch!'
	/Users/yoshiakinatsume/.rvm/gems/ruby-1.9.3-p0/gems/sinatra-1.3.2/lib/sinatra/base.rb:719:in `block in call!'
	/Users/yoshiakinatsume/.rvm/gems/ruby-1.9.3-p0/gems/sinatra-1.3.2/lib/sinatra/base.rb:871:in `block in invoke'
	/Users/yoshiakinatsume/.rvm/gems/ruby-1.9.3-p0/gems/sinatra-1.3.2/lib/sinatra/base.rb:871:in `catch'
	/Users/yoshiakinatsume/.rvm/gems/ruby-1.9.3-p0/gems/sinatra-1.3.2/lib/sinatra/base.rb:871:in `invoke'
	/Users/yoshiakinatsume/.rvm/gems/ruby-1.9.3-p0/gems/sinatra-1.3.2/lib/sinatra/base.rb:719:in `call!'
	/Users/yoshiakinatsume/.rvm/gems/ruby-1.9.3-p0/gems/sinatra-1.3.2/lib/sinatra/base.rb:705:in `call'
	/Users/yoshiakinatsume/.rvm/gems/ruby-1.9.3-p0/gems/rack-1.4.1/lib/rack/head.rb:9:in `call'
	/Users/yoshiakinatsume/.rvm/gems/ruby-1.9.3-p0/gems/rack-1.4.1/lib/rack/methodoverride.rb:21:in `call'
	/Users/yoshiakinatsume/.rvm/gems/ruby-1.9.3-p0/gems/padrino-core-0.10.5/lib/padrino-core/reloader.rb:250:in `call'
	/Users/yoshiakinatsume/.rvm/gems/ruby-1.9.3-p0/gems/padrino-core-0.10.5/lib/padrino-core/logger.rb:306:in `call'
	/Users/yoshiakinatsume/.rvm/gems/ruby-1.9.3-p0/gems/sinatra-1.3.2/lib/sinatra/showexceptions.rb:21:in `call'
	/Users/yoshiakinatsume/.rvm/gems/ruby-1.9.3-p0/gems/sinatra-1.3.2/lib/sinatra/base.rb:1334:in `block in call'
	/Users/yoshiakinatsume/.rvm/gems/ruby-1.9.3-p0/gems/sinatra-1.3.2/lib/sinatra/base.rb:1416:in `synchronize'
	/Users/yoshiakinatsume/.rvm/gems/ruby-1.9.3-p0/gems/sinatra-1.3.2/lib/sinatra/base.rb:1334:in `call'
	/Users/yoshiakinatsume/.rvm/gems/ruby-1.9.3-p0/gems/padrino-core-0.10.5/lib/padrino-core/router.rb:83:in `block in call'
	/Users/yoshiakinatsume/.rvm/gems/ruby-1.9.3-p0/gems/padrino-core-0.10.5/lib/padrino-core/router.rb:76:in `each'
	/Users/yoshiakinatsume/.rvm/gems/ruby-1.9.3-p0/gems/padrino-core-0.10.5/lib/padrino-core/router.rb:76:in `call'
	/Users/yoshiakinatsume/.rvm/gems/ruby-1.9.3-p0/gems/rack-1.4.1/lib/rack/handler/webrick.rb:59:in `service'
	/Users/yoshiakinatsume/.rvm/rubies/ruby-1.9.3-p0/lib/ruby/1.9.1/webrick/httpserver.rb:138:in `service'
	/Users/yoshiakinatsume/.rvm/rubies/ruby-1.9.3-p0/lib/ruby/1.9.1/webrick/httpserver.rb:94:in `run'
	/Users/yoshiakinatsume/.rvm/rubies/ruby-1.9.3-p0/lib/ruby/1.9.1/webrick/server.rb:191:in `block in start_thread'
[36m  DEBUG[0m -[33m19/Feb/2012 02:05:11[0mtest! PNG image data, 66 x 44, 8-bit/color RGB, non-interlaced
TypeError - can't convert nil into String:
	/Users/yoshiakinatsume/Development/nyazo/app/models/image.rb:39:in `digest'
	/Users/yoshiakinatsume/Development/nyazo/app/models/image.rb:39:in `hexdigest'
	/Users/yoshiakinatsume/Development/nyazo/app/models/image.rb:39:in `hash'
	/Users/yoshiakinatsume/Development/nyazo/app/models/image.rb:33:in `save'
	/Users/yoshiakinatsume/Development/nyazo/app/controllers.rb:29:in `block (2 levels) in <top (required)>'
	/Users/yoshiakinatsume/.rvm/gems/ruby-1.9.3-p0/gems/padrino-core-0.10.5/lib/padrino-core/application/routing.rb:569:in `call'
	/Users/yoshiakinatsume/.rvm/gems/ruby-1.9.3-p0/gems/padrino-core-0.10.5/lib/padrino-core/application/routing.rb:569:in `block in route'
	/Users/yoshiakinatsume/.rvm/gems/ruby-1.9.3-p0/gems/padrino-core-0.10.5/lib/padrino-core/application/routing.rb:51:in `[]'
	/Users/yoshiakinatsume/.rvm/gems/ruby-1.9.3-p0/gems/padrino-core-0.10.5/lib/padrino-core/application/routing.rb:51:in `block (3 levels) in process_destination_path'
	/Users/yoshiakinatsume/.rvm/gems/ruby-1.9.3-p0/gems/sinatra-1.3.2/lib/sinatra/base.rb:801:in `route_eval'
	/Users/yoshiakinatsume/.rvm/gems/ruby-1.9.3-p0/gems/padrino-core-0.10.5/lib/padrino-core/application/routing.rb:51:in `block (2 levels) in process_destination_path'
	/Users/yoshiakinatsume/.rvm/gems/ruby-1.9.3-p0/gems/padrino-core-0.10.5/lib/padrino-core/application/routing.rb:51:in `catch'
	/Users/yoshiakinatsume/.rvm/gems/ruby-1.9.3-p0/gems/padrino-core-0.10.5/lib/padrino-core/application/routing.rb:51:in `block in process_destination_path'
	/Users/yoshiakinatsume/.rvm/gems/ruby-1.9.3-p0/gems/padrino-core-0.10.5/lib/padrino-core/application/routing.rb:25:in `instance_eval'
	/Users/yoshiakinatsume/.rvm/gems/ruby-1.9.3-p0/gems/padrino-core-0.10.5/lib/padrino-core/application/routing.rb:25:in `process_destination_path'
	(eval):16:in `block (2 levels) in inject_root_methods'
	(eval):6:in `catch'
	(eval):6:in `block in inject_root_methods'
	/Users/yoshiakinatsume/.rvm/gems/ruby-1.9.3-p0/gems/http_router-0.10.2/lib/http_router/node/root.rb:92:in `[]'
	/Users/yoshiakinatsume/.rvm/gems/ruby-1.9.3-p0/gems/http_router-0.10.2/lib/http_router/node/root.rb:13:in `[]'
	/Users/yoshiakinatsume/.rvm/gems/ruby-1.9.3-p0/gems/http_router-0.10.2/lib/http_router.rb:119:in `block in call'
	/Users/yoshiakinatsume/.rvm/gems/ruby-1.9.3-p0/gems/http_router-0.10.2/lib/http_router.rb:119:in `catch'
	/Users/yoshiakinatsume/.rvm/gems/ruby-1.9.3-p0/gems/http_router-0.10.2/lib/http_router.rb:119:in `call'
	/Users/yoshiakinatsume/.rvm/gems/ruby-1.9.3-p0/gems/padrino-core-0.10.5/lib/padrino-core/application/routing.rb:910:in `route!'
	/Users/yoshiakinatsume/.rvm/gems/ruby-1.9.3-p0/gems/padrino-core-0.10.5/lib/padrino-core/application/routing.rb:900:in `dispatch!'
	/Users/yoshiakinatsume/.rvm/gems/ruby-1.9.3-p0/gems/sinatra-1.3.2/lib/sinatra/base.rb:719:in `block in call!'
	/Users/yoshiakinatsume/.rvm/gems/ruby-1.9.3-p0/gems/sinatra-1.3.2/lib/sinatra/base.rb:871:in `block in invoke'
	/Users/yoshiakinatsume/.rvm/gems/ruby-1.9.3-p0/gems/sinatra-1.3.2/lib/sinatra/base.rb:871:in `catch'
	/Users/yoshiakinatsume/.rvm/gems/ruby-1.9.3-p0/gems/sinatra-1.3.2/lib/sinatra/base.rb:871:in `invoke'
	/Users/yoshiakinatsume/.rvm/gems/ruby-1.9.3-p0/gems/sinatra-1.3.2/lib/sinatra/base.rb:719:in `call!'
	/Users/yoshiakinatsume/.rvm/gems/ruby-1.9.3-p0/gems/sinatra-1.3.2/lib/sinatra/base.rb:705:in `call'
	/Users/yoshiakinatsume/.rvm/gems/ruby-1.9.3-p0/gems/rack-1.4.1/lib/rack/head.rb:9:in `call'
	/Users/yoshiakinatsume/.rvm/gems/ruby-1.9.3-p0/gems/rack-1.4.1/lib/rack/methodoverride.rb:21:in `call'
	/Users/yoshiakinatsume/.rvm/gems/ruby-1.9.3-p0/gems/padrino-core-0.10.5/lib/padrino-core/reloader.rb:250:in `call'
	/Users/yoshiakinatsume/.rvm/gems/ruby-1.9.3-p0/gems/padrino-core-0.10.5/lib/padrino-core/logger.rb:306:in `call'
	/Users/yoshiakinatsume/.rvm/gems/ruby-1.9.3-p0/gems/sinatra-1.3.2/lib/sinatra/showexceptions.rb:21:in `call'
	/Users/yoshiakinatsume/.rvm/gems/ruby-1.9.3-p0/gems/sinatra-1.3.2/lib/sinatra/base.rb:1334:in `block in call'
	/Users/yoshiakinatsume/.rvm/gems/ruby-1.9.3-p0/gems/sinatra-1.3.2/lib/sinatra/base.rb:1416:in `synchronize'
	/Users/yoshiakinatsume/.rvm/gems/ruby-1.9.3-p0/gems/sinatra-1.3.2/lib/sinatra/base.rb:1334:in `call'
	/Users/yoshiakinatsume/.rvm/gems/ruby-1.9.3-p0/gems/padrino-core-0.10.5/lib/padrino-core/router.rb:83:in `block in call'
	/Users/yoshiakinatsume/.rvm/gems/ruby-1.9.3-p0/gems/padrino-core-0.10.5/lib/padrino-core/router.rb:76:in `each'
	/Users/yoshiakinatsume/.rvm/gems/ruby-1.9.3-p0/gems/padrino-core-0.10.5/lib/padrino-core/router.rb:76:in `call'
	/Users/yoshiakinatsume/.rvm/gems/ruby-1.9.3-p0/gems/rack-1.4.1/lib/rack/handler/webrick.rb:59:in `service'
	/Users/yoshiakinatsume/.rvm/rubies/ruby-1.9.3-p0/lib/ruby/1.9.1/webrick/httpserver.rb:138:in `service'
	/Users/yoshiakinatsume/.rvm/rubies/ruby-1.9.3-p0/lib/ruby/1.9.1/webrick/httpserver.rb:94:in `run'
	/Users/yoshiakinatsume/.rvm/rubies/ruby-1.9.3-p0/lib/ruby/1.9.1/webrick/server.rb:191:in `block in start_thread'
[36m  DEBUG[0m -[33m19/Feb/2012 02:05:18[0mtest! PNG image data, 61 x 45, 8-bit/color RGB, non-interlaced
TypeError - can't convert nil into String:
	/Users/yoshiakinatsume/Development/nyazo/app/models/image.rb:39:in `digest'
	/Users/yoshiakinatsume/Development/nyazo/app/models/image.rb:39:in `hexdigest'
	/Users/yoshiakinatsume/Development/nyazo/app/models/image.rb:39:in `hash'
	/Users/yoshiakinatsume/Development/nyazo/app/models/image.rb:33:in `save'
	/Users/yoshiakinatsume/Development/nyazo/app/controllers.rb:29:in `block (2 levels) in <top (required)>'
	/Users/yoshiakinatsume/.rvm/gems/ruby-1.9.3-p0/gems/padrino-core-0.10.5/lib/padrino-core/application/routing.rb:569:in `call'
	/Users/yoshiakinatsume/.rvm/gems/ruby-1.9.3-p0/gems/padrino-core-0.10.5/lib/padrino-core/application/routing.rb:569:in `block in route'
	/Users/yoshiakinatsume/.rvm/gems/ruby-1.9.3-p0/gems/padrino-core-0.10.5/lib/padrino-core/application/routing.rb:51:in `[]'
	/Users/yoshiakinatsume/.rvm/gems/ruby-1.9.3-p0/gems/padrino-core-0.10.5/lib/padrino-core/application/routing.rb:51:in `block (3 levels) in process_destination_path'
	/Users/yoshiakinatsume/.rvm/gems/ruby-1.9.3-p0/gems/sinatra-1.3.2/lib/sinatra/base.rb:801:in `route_eval'
	/Users/yoshiakinatsume/.rvm/gems/ruby-1.9.3-p0/gems/padrino-core-0.10.5/lib/padrino-core/application/routing.rb:51:in `block (2 levels) in process_destination_path'
	/Users/yoshiakinatsume/.rvm/gems/ruby-1.9.3-p0/gems/padrino-core-0.10.5/lib/padrino-core/application/routing.rb:51:in `catch'
	/Users/yoshiakinatsume/.rvm/gems/ruby-1.9.3-p0/gems/padrino-core-0.10.5/lib/padrino-core/application/routing.rb:51:in `block in process_destination_path'
	/Users/yoshiakinatsume/.rvm/gems/ruby-1.9.3-p0/gems/padrino-core-0.10.5/lib/padrino-core/application/routing.rb:25:in `instance_eval'
	/Users/yoshiakinatsume/.rvm/gems/ruby-1.9.3-p0/gems/padrino-core-0.10.5/lib/padrino-core/application/routing.rb:25:in `process_destination_path'
	(eval):16:in `block (2 levels) in inject_root_methods'
	(eval):6:in `catch'
	(eval):6:in `block in inject_root_methods'
	/Users/yoshiakinatsume/.rvm/gems/ruby-1.9.3-p0/gems/http_router-0.10.2/lib/http_router/node/root.rb:92:in `[]'
	/Users/yoshiakinatsume/.rvm/gems/ruby-1.9.3-p0/gems/http_router-0.10.2/lib/http_router.rb:119:in `block in call'
	/Users/yoshiakinatsume/.rvm/gems/ruby-1.9.3-p0/gems/http_router-0.10.2/lib/http_router.rb:119:in `catch'
	/Users/yoshiakinatsume/.rvm/gems/ruby-1.9.3-p0/gems/http_router-0.10.2/lib/http_router.rb:119:in `call'
	/Users/yoshiakinatsume/.rvm/gems/ruby-1.9.3-p0/gems/padrino-core-0.10.5/lib/padrino-core/application/routing.rb:910:in `route!'
	/Users/yoshiakinatsume/.rvm/gems/ruby-1.9.3-p0/gems/padrino-core-0.10.5/lib/padrino-core/application/routing.rb:900:in `dispatch!'
	/Users/yoshiakinatsume/.rvm/gems/ruby-1.9.3-p0/gems/sinatra-1.3.2/lib/sinatra/base.rb:719:in `block in call!'
	/Users/yoshiakinatsume/.rvm/gems/ruby-1.9.3-p0/gems/sinatra-1.3.2/lib/sinatra/base.rb:871:in `block in invoke'
	/Users/yoshiakinatsume/.rvm/gems/ruby-1.9.3-p0/gems/sinatra-1.3.2/lib/sinatra/base.rb:871:in `catch'
	/Users/yoshiakinatsume/.rvm/gems/ruby-1.9.3-p0/gems/sinatra-1.3.2/lib/sinatra/base.rb:871:in `invoke'
	/Users/yoshiakinatsume/.rvm/gems/ruby-1.9.3-p0/gems/sinatra-1.3.2/lib/sinatra/base.rb:719:in `call!'
	/Users/yoshiakinatsume/.rvm/gems/ruby-1.9.3-p0/gems/sinatra-1.3.2/lib/sinatra/base.rb:705:in `call'
	/Users/yoshiakinatsume/.rvm/gems/ruby-1.9.3-p0/gems/rack-1.4.1/lib/rack/head.rb:9:in `call'
	/Users/yoshiakinatsume/.rvm/gems/ruby-1.9.3-p0/gems/rack-1.4.1/lib/rack/methodoverride.rb:21:in `call'
	/Users/yoshiakinatsume/.rvm/gems/ruby-1.9.3-p0/gems/padrino-core-0.10.5/lib/padrino-core/reloader.rb:250:in `call'
	/Users/yoshiakinatsume/.rvm/gems/ruby-1.9.3-p0/gems/padrino-core-0.10.5/lib/padrino-core/logger.rb:306:in `call'
	/Users/yoshiakinatsume/.rvm/gems/ruby-1.9.3-p0/gems/sinatra-1.3.2/lib/sinatra/showexceptions.rb:21:in `call'
	/Users/yoshiakinatsume/.rvm/gems/ruby-1.9.3-p0/gems/sinatra-1.3.2/lib/sinatra/base.rb:1334:in `block in call'
	/Users/yoshiakinatsume/.rvm/gems/ruby-1.9.3-p0/gems/sinatra-1.3.2/lib/sinatra/base.rb:1416:in `synchronize'
	/Users/yoshiakinatsume/.rvm/gems/ruby-1.9.3-p0/gems/sinatra-1.3.2/lib/sinatra/base.rb:1334:in `call'
	/Users/yoshiakinatsume/.rvm/gems/ruby-1.9.3-p0/gems/padrino-core-0.10.5/lib/padrino-core/router.rb:83:in `block in call'
	/Users/yoshiakinatsume/.rvm/gems/ruby-1.9.3-p0/gems/padrino-core-0.10.5/lib/padrino-core/router.rb:76:in `each'
	/Users/yoshiakinatsume/.rvm/gems/ruby-1.9.3-p0/gems/padrino-core-0.10.5/lib/padrino-core/router.rb:76:in `call'
	/Users/yoshiakinatsume/.rvm/gems/ruby-1.9.3-p0/gems/rack-1.4.1/lib/rack/handler/webrick.rb:59:in `service'
	/Users/yoshiakinatsume/.rvm/rubies/ruby-1.9.3-p0/lib/ruby/1.9.1/webrick/httpserver.rb:138:in `service'
	/Users/yoshiakinatsume/.rvm/rubies/ruby-1.9.3-p0/lib/ruby/1.9.1/webrick/httpserver.rb:94:in `run'
	/Users/yoshiakinatsume/.rvm/rubies/ruby-1.9.3-p0/lib/ruby/1.9.1/webrick/server.rb:191:in `block in start_thread'
[36m  DEBUG[0m -[33m19/Feb/2012 02:05:42[0mtest! PNG image data, 59 x 36, 8-bit/color RGB, non-interlaced
Encoding::UndefinedConversionError - "\x89" from ASCII-8BIT to UTF-8:
	/Users/yoshiakinatsume/Development/nyazo/app/models/image.rb:35:in `write'
	/Users/yoshiakinatsume/Development/nyazo/app/models/image.rb:35:in `print'
	/Users/yoshiakinatsume/Development/nyazo/app/models/image.rb:35:in `save'
	/Users/yoshiakinatsume/Development/nyazo/app/controllers.rb:29:in `block (2 levels) in <top (required)>'
	/Users/yoshiakinatsume/.rvm/gems/ruby-1.9.3-p0/gems/padrino-core-0.10.5/lib/padrino-core/application/routing.rb:569:in `call'
	/Users/yoshiakinatsume/.rvm/gems/ruby-1.9.3-p0/gems/padrino-core-0.10.5/lib/padrino-core/application/routing.rb:569:in `block in route'
	/Users/yoshiakinatsume/.rvm/gems/ruby-1.9.3-p0/gems/padrino-core-0.10.5/lib/padrino-core/application/routing.rb:51:in `[]'
	/Users/yoshiakinatsume/.rvm/gems/ruby-1.9.3-p0/gems/padrino-core-0.10.5/lib/padrino-core/application/routing.rb:51:in `block (3 levels) in process_destination_path'
	/Users/yoshiakinatsume/.rvm/gems/ruby-1.9.3-p0/gems/sinatra-1.3.2/lib/sinatra/base.rb:801:in `route_eval'
	/Users/yoshiakinatsume/.rvm/gems/ruby-1.9.3-p0/gems/padrino-core-0.10.5/lib/padrino-core/application/routing.rb:51:in `block (2 levels) in process_destination_path'
	/Users/yoshiakinatsume/.rvm/gems/ruby-1.9.3-p0/gems/padrino-core-0.10.5/lib/padrino-core/application/routing.rb:51:in `catch'
	/Users/yoshiakinatsume/.rvm/gems/ruby-1.9.3-p0/gems/padrino-core-0.10.5/lib/padrino-core/application/routing.rb:51:in `block in process_destination_path'
	/Users/yoshiakinatsume/.rvm/gems/ruby-1.9.3-p0/gems/padrino-core-0.10.5/lib/padrino-core/application/routing.rb:25:in `instance_eval'
	/Users/yoshiakinatsume/.rvm/gems/ruby-1.9.3-p0/gems/padrino-core-0.10.5/lib/padrino-core/application/routing.rb:25:in `process_destination_path'
	(eval):16:in `block (2 levels) in inject_root_methods'
	(eval):6:in `catch'
	(eval):6:in `block in inject_root_methods'
	/Users/yoshiakinatsume/.rvm/gems/ruby-1.9.3-p0/gems/http_router-0.10.2/lib/http_router/node/root.rb:92:in `[]'
	/Users/yoshiakinatsume/.rvm/gems/ruby-1.9.3-p0/gems/http_router-0.10.2/lib/http_router/node/root.rb:13:in `[]'
	/Users/yoshiakinatsume/.rvm/gems/ruby-1.9.3-p0/gems/http_router-0.10.2/lib/http_router.rb:119:in `block in call'
	/Users/yoshiakinatsume/.rvm/gems/ruby-1.9.3-p0/gems/http_router-0.10.2/lib/http_router.rb:119:in `catch'
	/Users/yoshiakinatsume/.rvm/gems/ruby-1.9.3-p0/gems/http_router-0.10.2/lib/http_router.rb:119:in `call'
	/Users/yoshiakinatsume/.rvm/gems/ruby-1.9.3-p0/gems/padrino-core-0.10.5/lib/padrino-core/application/routing.rb:910:in `route!'
	/Users/yoshiakinatsume/.rvm/gems/ruby-1.9.3-p0/gems/padrino-core-0.10.5/lib/padrino-core/application/routing.rb:900:in `dispatch!'
	/Users/yoshiakinatsume/.rvm/gems/ruby-1.9.3-p0/gems/sinatra-1.3.2/lib/sinatra/base.rb:719:in `block in call!'
	/Users/yoshiakinatsume/.rvm/gems/ruby-1.9.3-p0/gems/sinatra-1.3.2/lib/sinatra/base.rb:871:in `block in invoke'
	/Users/yoshiakinatsume/.rvm/gems/ruby-1.9.3-p0/gems/sinatra-1.3.2/lib/sinatra/base.rb:871:in `catch'
	/Users/yoshiakinatsume/.rvm/gems/ruby-1.9.3-p0/gems/sinatra-1.3.2/lib/sinatra/base.rb:871:in `invoke'
	/Users/yoshiakinatsume/.rvm/gems/ruby-1.9.3-p0/gems/sinatra-1.3.2/lib/sinatra/base.rb:719:in `call!'
	/Users/yoshiakinatsume/.rvm/gems/ruby-1.9.3-p0/gems/sinatra-1.3.2/lib/sinatra/base.rb:705:in `call'
	/Users/yoshiakinatsume/.rvm/gems/ruby-1.9.3-p0/gems/rack-1.4.1/lib/rack/head.rb:9:in `call'
	/Users/yoshiakinatsume/.rvm/gems/ruby-1.9.3-p0/gems/rack-1.4.1/lib/rack/methodoverride.rb:21:in `call'
	/Users/yoshiakinatsume/.rvm/gems/ruby-1.9.3-p0/gems/padrino-core-0.10.5/lib/padrino-core/reloader.rb:250:in `call'
	/Users/yoshiakinatsume/.rvm/gems/ruby-1.9.3-p0/gems/padrino-core-0.10.5/lib/padrino-core/logger.rb:306:in `call'
	/Users/yoshiakinatsume/.rvm/gems/ruby-1.9.3-p0/gems/sinatra-1.3.2/lib/sinatra/showexceptions.rb:21:in `call'
	/Users/yoshiakinatsume/.rvm/gems/ruby-1.9.3-p0/gems/sinatra-1.3.2/lib/sinatra/base.rb:1334:in `block in call'
	/Users/yoshiakinatsume/.rvm/gems/ruby-1.9.3-p0/gems/sinatra-1.3.2/lib/sinatra/base.rb:1416:in `synchronize'
	/Users/yoshiakinatsume/.rvm/gems/ruby-1.9.3-p0/gems/sinatra-1.3.2/lib/sinatra/base.rb:1334:in `call'
	/Users/yoshiakinatsume/.rvm/gems/ruby-1.9.3-p0/gems/padrino-core-0.10.5/lib/padrino-core/router.rb:83:in `block in call'
	/Users/yoshiakinatsume/.rvm/gems/ruby-1.9.3-p0/gems/padrino-core-0.10.5/lib/padrino-core/router.rb:76:in `each'
	/Users/yoshiakinatsume/.rvm/gems/ruby-1.9.3-p0/gems/padrino-core-0.10.5/lib/padrino-core/router.rb:76:in `call'
	/Users/yoshiakinatsume/.rvm/gems/ruby-1.9.3-p0/gems/rack-1.4.1/lib/rack/handler/webrick.rb:59:in `service'
	/Users/yoshiakinatsume/.rvm/rubies/ruby-1.9.3-p0/lib/ruby/1.9.1/webrick/httpserver.rb:138:in `service'
	/Users/yoshiakinatsume/.rvm/rubies/ruby-1.9.3-p0/lib/ruby/1.9.1/webrick/httpserver.rb:94:in `run'
	/Users/yoshiakinatsume/.rvm/rubies/ruby-1.9.3-p0/lib/ruby/1.9.1/webrick/server.rb:191:in `block in start_thread'
[36m  DEBUG[0m -[33m19/Feb/2012 02:07:13[0mtest! PNG image data, 53 x 39, 8-bit/color RGB, non-interlaced
Encoding::UndefinedConversionError - "\x89" from ASCII-8BIT to UTF-8:
	/Users/yoshiakinatsume/Development/nyazo/app/models/image.rb:36:in `write'
	/Users/yoshiakinatsume/Development/nyazo/app/models/image.rb:36:in `print'
	/Users/yoshiakinatsume/Development/nyazo/app/models/image.rb:36:in `save'
	/Users/yoshiakinatsume/Development/nyazo/app/controllers.rb:29:in `block (2 levels) in <top (required)>'
	/Users/yoshiakinatsume/.rvm/gems/ruby-1.9.3-p0/gems/padrino-core-0.10.5/lib/padrino-core/application/routing.rb:569:in `call'
	/Users/yoshiakinatsume/.rvm/gems/ruby-1.9.3-p0/gems/padrino-core-0.10.5/lib/padrino-core/application/routing.rb:569:in `block in route'
	/Users/yoshiakinatsume/.rvm/gems/ruby-1.9.3-p0/gems/padrino-core-0.10.5/lib/padrino-core/application/routing.rb:51:in `[]'
	/Users/yoshiakinatsume/.rvm/gems/ruby-1.9.3-p0/gems/padrino-core-0.10.5/lib/padrino-core/application/routing.rb:51:in `block (3 levels) in process_destination_path'
	/Users/yoshiakinatsume/.rvm/gems/ruby-1.9.3-p0/gems/sinatra-1.3.2/lib/sinatra/base.rb:801:in `route_eval'
	/Users/yoshiakinatsume/.rvm/gems/ruby-1.9.3-p0/gems/padrino-core-0.10.5/lib/padrino-core/application/routing.rb:51:in `block (2 levels) in process_destination_path'
	/Users/yoshiakinatsume/.rvm/gems/ruby-1.9.3-p0/gems/padrino-core-0.10.5/lib/padrino-core/application/routing.rb:51:in `catch'
	/Users/yoshiakinatsume/.rvm/gems/ruby-1.9.3-p0/gems/padrino-core-0.10.5/lib/padrino-core/application/routing.rb:51:in `block in process_destination_path'
	/Users/yoshiakinatsume/.rvm/gems/ruby-1.9.3-p0/gems/padrino-core-0.10.5/lib/padrino-core/application/routing.rb:25:in `instance_eval'
	/Users/yoshiakinatsume/.rvm/gems/ruby-1.9.3-p0/gems/padrino-core-0.10.5/lib/padrino-core/application/routing.rb:25:in `process_destination_path'
	(eval):16:in `block (2 levels) in inject_root_methods'
	(eval):6:in `catch'
	(eval):6:in `block in inject_root_methods'
	/Users/yoshiakinatsume/.rvm/gems/ruby-1.9.3-p0/gems/http_router-0.10.2/lib/http_router/node/root.rb:92:in `[]'
	/Users/yoshiakinatsume/.rvm/gems/ruby-1.9.3-p0/gems/http_router-0.10.2/lib/http_router/node/root.rb:13:in `[]'
	/Users/yoshiakinatsume/.rvm/gems/ruby-1.9.3-p0/gems/http_router-0.10.2/lib/http_router.rb:119:in `block in call'
	/Users/yoshiakinatsume/.rvm/gems/ruby-1.9.3-p0/gems/http_router-0.10.2/lib/http_router.rb:119:in `catch'
	/Users/yoshiakinatsume/.rvm/gems/ruby-1.9.3-p0/gems/http_router-0.10.2/lib/http_router.rb:119:in `call'
	/Users/yoshiakinatsume/.rvm/gems/ruby-1.9.3-p0/gems/padrino-core-0.10.5/lib/padrino-core/application/routing.rb:910:in `route!'
	/Users/yoshiakinatsume/.rvm/gems/ruby-1.9.3-p0/gems/padrino-core-0.10.5/lib/padrino-core/application/routing.rb:900:in `dispatch!'
	/Users/yoshiakinatsume/.rvm/gems/ruby-1.9.3-p0/gems/sinatra-1.3.2/lib/sinatra/base.rb:719:in `block in call!'
	/Users/yoshiakinatsume/.rvm/gems/ruby-1.9.3-p0/gems/sinatra-1.3.2/lib/sinatra/base.rb:871:in `block in invoke'
	/Users/yoshiakinatsume/.rvm/gems/ruby-1.9.3-p0/gems/sinatra-1.3.2/lib/sinatra/base.rb:871:in `catch'
	/Users/yoshiakinatsume/.rvm/gems/ruby-1.9.3-p0/gems/sinatra-1.3.2/lib/sinatra/base.rb:871:in `invoke'
	/Users/yoshiakinatsume/.rvm/gems/ruby-1.9.3-p0/gems/sinatra-1.3.2/lib/sinatra/base.rb:719:in `call!'
	/Users/yoshiakinatsume/.rvm/gems/ruby-1.9.3-p0/gems/sinatra-1.3.2/lib/sinatra/base.rb:705:in `call'
	/Users/yoshiakinatsume/.rvm/gems/ruby-1.9.3-p0/gems/rack-1.4.1/lib/rack/head.rb:9:in `call'
	/Users/yoshiakinatsume/.rvm/gems/ruby-1.9.3-p0/gems/rack-1.4.1/lib/rack/methodoverride.rb:21:in `call'
	/Users/yoshiakinatsume/.rvm/gems/ruby-1.9.3-p0/gems/padrino-core-0.10.5/lib/padrino-core/reloader.rb:250:in `call'
	/Users/yoshiakinatsume/.rvm/gems/ruby-1.9.3-p0/gems/padrino-core-0.10.5/lib/padrino-core/logger.rb:306:in `call'
	/Users/yoshiakinatsume/.rvm/gems/ruby-1.9.3-p0/gems/sinatra-1.3.2/lib/sinatra/showexceptions.rb:21:in `call'
	/Users/yoshiakinatsume/.rvm/gems/ruby-1.9.3-p0/gems/sinatra-1.3.2/lib/sinatra/base.rb:1334:in `block in call'
	/Users/yoshiakinatsume/.rvm/gems/ruby-1.9.3-p0/gems/sinatra-1.3.2/lib/sinatra/base.rb:1416:in `synchronize'
	/Users/yoshiakinatsume/.rvm/gems/ruby-1.9.3-p0/gems/sinatra-1.3.2/lib/sinatra/base.rb:1334:in `call'
	/Users/yoshiakinatsume/.rvm/gems/ruby-1.9.3-p0/gems/padrino-core-0.10.5/lib/padrino-core/router.rb:83:in `block in call'
	/Users/yoshiakinatsume/.rvm/gems/ruby-1.9.3-p0/gems/padrino-core-0.10.5/lib/padrino-core/router.rb:76:in `each'
	/Users/yoshiakinatsume/.rvm/gems/ruby-1.9.3-p0/gems/padrino-core-0.10.5/lib/padrino-core/router.rb:76:in `call'
	/Users/yoshiakinatsume/.rvm/gems/ruby-1.9.3-p0/gems/rack-1.4.1/lib/rack/handler/webrick.rb:59:in `service'
	/Users/yoshiakinatsume/.rvm/rubies/ruby-1.9.3-p0/lib/ruby/1.9.1/webrick/httpserver.rb:138:in `service'
	/Users/yoshiakinatsume/.rvm/rubies/ruby-1.9.3-p0/lib/ruby/1.9.1/webrick/httpserver.rb:94:in `run'
	/Users/yoshiakinatsume/.rvm/rubies/ruby-1.9.3-p0/lib/ruby/1.9.1/webrick/server.rb:191:in `block in start_thread'
[36m  DEBUG[0m -[33m19/Feb/2012 02:08:54[0mtest! PNG image data, 63 x 65, 8-bit/color RGB, non-interlaced
Encoding::UndefinedConversionError - "\x89" from ASCII-8BIT to UTF-8:
	/Users/yoshiakinatsume/Development/nyazo/app/models/image.rb:35:in `write'
	/Users/yoshiakinatsume/Development/nyazo/app/models/image.rb:35:in `print'
	/Users/yoshiakinatsume/Development/nyazo/app/models/image.rb:35:in `save'
	/Users/yoshiakinatsume/Development/nyazo/app/controllers.rb:29:in `block (2 levels) in <top (required)>'
	/Users/yoshiakinatsume/.rvm/gems/ruby-1.9.3-p0/gems/padrino-core-0.10.5/lib/padrino-core/application/routing.rb:569:in `call'
	/Users/yoshiakinatsume/.rvm/gems/ruby-1.9.3-p0/gems/padrino-core-0.10.5/lib/padrino-core/application/routing.rb:569:in `block in route'
	/Users/yoshiakinatsume/.rvm/gems/ruby-1.9.3-p0/gems/padrino-core-0.10.5/lib/padrino-core/application/routing.rb:51:in `[]'
	/Users/yoshiakinatsume/.rvm/gems/ruby-1.9.3-p0/gems/padrino-core-0.10.5/lib/padrino-core/application/routing.rb:51:in `block (3 levels) in process_destination_path'
	/Users/yoshiakinatsume/.rvm/gems/ruby-1.9.3-p0/gems/sinatra-1.3.2/lib/sinatra/base.rb:801:in `route_eval'
	/Users/yoshiakinatsume/.rvm/gems/ruby-1.9.3-p0/gems/padrino-core-0.10.5/lib/padrino-core/application/routing.rb:51:in `block (2 levels) in process_destination_path'
	/Users/yoshiakinatsume/.rvm/gems/ruby-1.9.3-p0/gems/padrino-core-0.10.5/lib/padrino-core/application/routing.rb:51:in `catch'
	/Users/yoshiakinatsume/.rvm/gems/ruby-1.9.3-p0/gems/padrino-core-0.10.5/lib/padrino-core/application/routing.rb:51:in `block in process_destination_path'
	/Users/yoshiakinatsume/.rvm/gems/ruby-1.9.3-p0/gems/padrino-core-0.10.5/lib/padrino-core/application/routing.rb:25:in `instance_eval'
	/Users/yoshiakinatsume/.rvm/gems/ruby-1.9.3-p0/gems/padrino-core-0.10.5/lib/padrino-core/application/routing.rb:25:in `process_destination_path'
	(eval):16:in `block (2 levels) in inject_root_methods'
	(eval):6:in `catch'
	(eval):6:in `block in inject_root_methods'
	/Users/yoshiakinatsume/.rvm/gems/ruby-1.9.3-p0/gems/http_router-0.10.2/lib/http_router/node/root.rb:92:in `[]'
	/Users/yoshiakinatsume/.rvm/gems/ruby-1.9.3-p0/gems/http_router-0.10.2/lib/http_router/node/root.rb:13:in `[]'
	/Users/yoshiakinatsume/.rvm/gems/ruby-1.9.3-p0/gems/http_router-0.10.2/lib/http_router.rb:119:in `block in call'
	/Users/yoshiakinatsume/.rvm/gems/ruby-1.9.3-p0/gems/http_router-0.10.2/lib/http_router.rb:119:in `catch'
	/Users/yoshiakinatsume/.rvm/gems/ruby-1.9.3-p0/gems/http_router-0.10.2/lib/http_router.rb:119:in `call'
	/Users/yoshiakinatsume/.rvm/gems/ruby-1.9.3-p0/gems/padrino-core-0.10.5/lib/padrino-core/application/routing.rb:910:in `route!'
	/Users/yoshiakinatsume/.rvm/gems/ruby-1.9.3-p0/gems/padrino-core-0.10.5/lib/padrino-core/application/routing.rb:900:in `dispatch!'
	/Users/yoshiakinatsume/.rvm/gems/ruby-1.9.3-p0/gems/sinatra-1.3.2/lib/sinatra/base.rb:719:in `block in call!'
	/Users/yoshiakinatsume/.rvm/gems/ruby-1.9.3-p0/gems/sinatra-1.3.2/lib/sinatra/base.rb:871:in `block in invoke'
	/Users/yoshiakinatsume/.rvm/gems/ruby-1.9.3-p0/gems/sinatra-1.3.2/lib/sinatra/base.rb:871:in `catch'
	/Users/yoshiakinatsume/.rvm/gems/ruby-1.9.3-p0/gems/sinatra-1.3.2/lib/sinatra/base.rb:871:in `invoke'
	/Users/yoshiakinatsume/.rvm/gems/ruby-1.9.3-p0/gems/sinatra-1.3.2/lib/sinatra/base.rb:719:in `call!'
	/Users/yoshiakinatsume/.rvm/gems/ruby-1.9.3-p0/gems/sinatra-1.3.2/lib/sinatra/base.rb:705:in `call'
	/Users/yoshiakinatsume/.rvm/gems/ruby-1.9.3-p0/gems/rack-1.4.1/lib/rack/head.rb:9:in `call'
	/Users/yoshiakinatsume/.rvm/gems/ruby-1.9.3-p0/gems/rack-1.4.1/lib/rack/methodoverride.rb:21:in `call'
	/Users/yoshiakinatsume/.rvm/gems/ruby-1.9.3-p0/gems/padrino-core-0.10.5/lib/padrino-core/reloader.rb:250:in `call'
	/Users/yoshiakinatsume/.rvm/gems/ruby-1.9.3-p0/gems/padrino-core-0.10.5/lib/padrino-core/logger.rb:306:in `call'
	/Users/yoshiakinatsume/.rvm/gems/ruby-1.9.3-p0/gems/sinatra-1.3.2/lib/sinatra/showexceptions.rb:21:in `call'
	/Users/yoshiakinatsume/.rvm/gems/ruby-1.9.3-p0/gems/sinatra-1.3.2/lib/sinatra/base.rb:1334:in `block in call'
	/Users/yoshiakinatsume/.rvm/gems/ruby-1.9.3-p0/gems/sinatra-1.3.2/lib/sinatra/base.rb:1416:in `synchronize'
	/Users/yoshiakinatsume/.rvm/gems/ruby-1.9.3-p0/gems/sinatra-1.3.2/lib/sinatra/base.rb:1334:in `call'
	/Users/yoshiakinatsume/.rvm/gems/ruby-1.9.3-p0/gems/padrino-core-0.10.5/lib/padrino-core/router.rb:83:in `block in call'
	/Users/yoshiakinatsume/.rvm/gems/ruby-1.9.3-p0/gems/padrino-core-0.10.5/lib/padrino-core/router.rb:76:in `each'
	/Users/yoshiakinatsume/.rvm/gems/ruby-1.9.3-p0/gems/padrino-core-0.10.5/lib/padrino-core/router.rb:76:in `call'
	/Users/yoshiakinatsume/.rvm/gems/ruby-1.9.3-p0/gems/rack-1.4.1/lib/rack/handler/webrick.rb:59:in `service'
	/Users/yoshiakinatsume/.rvm/rubies/ruby-1.9.3-p0/lib/ruby/1.9.1/webrick/httpserver.rb:138:in `service'
	/Users/yoshiakinatsume/.rvm/rubies/ruby-1.9.3-p0/lib/ruby/1.9.1/webrick/httpserver.rb:94:in `run'
	/Users/yoshiakinatsume/.rvm/rubies/ruby-1.9.3-p0/lib/ruby/1.9.1/webrick/server.rb:191:in `block in start_thread'
[36m  DEBUG[0m -[33m19/Feb/2012 02:09:35[0mtest! PNG image data, 70 x 56, 8-bit/color RGB, non-interlaced
[36m  DEBUG[0m -[33m19/Feb/2012 02:09:35[0m[35m    POST[0m ([35m[1m0.0191ms[0m[0m) /upload - [1m200[0m OK
[36m  DEBUG[0m -[33m19/Feb/2012 02:10:03[0mtest! PNG image data, 47 x 55, 8-bit/color RGB, non-interlaced
[36m  DEBUG[0m -[33m19/Feb/2012 02:10:03[0mPNGIHDR/7pHYsIDATXW}LW;<=NX)16ME`RbGMEj&EgmZM+$Uis&rX*!w.wY=i4ary~;3YQ 0r2g+W(D<x<iiiSfMSCzzFQA`',,L'OT[Rug;J+E: YhpmD >qh}v2enyu}#8X-&,a6Mrv}Qp|yeY@,X088QeJ8>=6zQKQ*YM`PCr)X cKHhKE$iM%-A`h=5}O"sQ4`[X}++~z5vALL#y}ZPix,u$&io1[UQeq@E7q-3u5f$"+qvf` \]|R0qI,E`huY/i6d~%Fqkp#<?58pwb'8,oP*+h@~Y@`ZM[7n63"r"[L VW^UqTiTpk$Af8aRg4&X6V}m?sRb6eg'`:,I+Gq;,D&H#?|inh@xhxaVy8'3bDx_MKa$Sp<*v\Q>GWm/Y'e+V_u\OBpiV(AP>"X?,I8{l-|X.ng>{Jq/bS!,e#CxM0dUI`LdXbbbU>^!WOVaMl|Cj4@1g9~/f!@"}9 =T,i2TRa4U>zBpUC8!VcT~5EETi(VxuK4t82eg$e:4NeyC<v<GxiN=Eairngh)g6'f3y9RdM5Sk?0n"[CC<t(mmWo(p~[BErlEj`rsOlO31hl")4zLi[`e/X+CC-Qv9vJ3yn[=>D#O{q#SiI>V\,%FAa,kL5Z9;z,S]D*<bKdD-",t)pnw(}B]^/!:SI>1Jr>1@MJU/FD`P|(T1_>P4jy~O.e:,NhSVo}%y3.y@p|_|7#VyIENDB`
[36m  DEBUG[0m -[33m19/Feb/2012 02:10:03[0m[35m    POST[0m ([35m[1m0.0255ms[0m[0m) /upload - [1m200[0m OK
[36m  DEBUG[0m -[33m19/Feb/2012 02:10:40[0m[35m     GET[0m ([35m[1m0.0019ms[0m[0m) /b21dbb2043ac160414fc708f2349288a.png - [1m404[0m Not Found
[36m  DEBUG[0m -[33m19/Feb/2012 02:10:40[0m[35m     GET[0m ([35m[1m0.0015ms[0m[0m) /__sinatra__/404.png - [1m200[0m OK
[36m  DEBUG[0m -[33m19/Feb/2012 02:13:52[0mtest! PNG image data, 52 x 39, 8-bit/color RGB, non-interlaced
[36m  DEBUG[0m -[33m19/Feb/2012 02:13:52[0m[35m    POST[0m ([35m[1m0.0215ms[0m[0m) /upload - [1m200[0m OK
